#! /c/Source/iverilog-install/bin/vvp
:ivl_version "12.0 (devel)" "(s20150603-1539-g2693dd32b)";
:ivl_delay_selection "TYPICAL";
:vpi_time_precision + 0;
:vpi_module "C:\iverilog\lib\ivl\system.vpi";
:vpi_module "C:\iverilog\lib\ivl\vhdl_sys.vpi";
:vpi_module "C:\iverilog\lib\ivl\vhdl_textio.vpi";
:vpi_module "C:\iverilog\lib\ivl\v2005_math.vpi";
:vpi_module "C:\iverilog\lib\ivl\va_math.vpi";
S_00000246940e5380 .scope module, "tb" "tb" 2 89;
 .timescale 0 0;
v0000024694152ad0_0 .net "TX", 0 0, L_0000024694152cb0;  1 drivers
v0000024694152b70_0 .var "clk", 0 0;
v0000024694152c10_0 .net "led", 0 0, L_00000246940fe6c0;  1 drivers
S_00000246940c2830 .scope module, "dut" "uart" 2 94, 2 1 0, S_00000246940e5380;
 .timescale 0 0;
    .port_info 0 /INPUT 1 "clk";
    .port_info 1 /OUTPUT 1 "TX";
    .port_info 2 /OUTPUT 1 "led";
P_00000246940c29c0 .param/l "Baud_Div" 0 2 9, +C4<00000000000000000000000000000100>;
P_00000246940c29f8 .param/l "Baud_Rate" 0 2 8, +C4<00000000000000000000000000111100>;
P_00000246940c2a30 .param/l "Bud_bit" 1 2 29, +C4<00000000000000000000000000000111>;
P_00000246940c2a68 .param/l "CLK_Freq" 0 2 7, +C4<00000000000000000000000011111010>;
P_00000246940c2aa0 .param/l "Delay_500ms" 0 2 10, +C4<00000000000000000000000001111101>;
P_00000246940c2ad8 .param/l "baud_bit" 1 2 45, +C4<00000000000000000000000000000011>;
L_00000246940fe6c0 .functor BUFZ 1, v00000246941528f0_0, C4<0>, C4<0>, C4<0>;
v00000246940e8600_0 .net "TX", 0 0, L_0000024694152cb0;  alias, 1 drivers
v00000246940c3090_0 .var "baud_cnt", 3 0;
v00000246940c2e70_0 .var "bit_cnt", 3 0;
v00000246940c32b0_0 .var "char_cnt", 3 0;
v00000246940e5510_0 .net "clk", 0 0, v0000024694152b70_0;  1 drivers
v00000246940c2b20_0 .var "delay_cnt", 7 0;
v00000246940c2bc0_0 .net "led", 0 0, L_00000246940fe6c0;  alias, 1 drivers
v0000024694152850 .array "msg", 12 0, 7 0;
v00000246941528f0_0 .var "sending", 0 0;
v0000024694152990_0 .var "shift_reg", 9 0;
v0000024694152a30_0 .var "start_send", 0 0;
E_00000246940e7b00 .event posedge, v00000246940e5510_0;
L_0000024694152cb0 .part v0000024694152990_0, 0, 1;
    .scope S_00000246940c2830;
T_0 ;
    %pushi/vec4 0, 0, 8;
    %store/vec4 v00000246940c2b20_0, 0, 8;
    %pushi/vec4 0, 0, 1;
    %store/vec4 v0000024694152a30_0, 0, 1;
    %pushi/vec4 0, 0, 4;
    %store/vec4 v00000246940c3090_0, 0, 4;
    %pushi/vec4 0, 0, 4;
    %store/vec4 v00000246940c2e70_0, 0, 4;
    %pushi/vec4 0, 0, 4;
    %store/vec4 v00000246940c32b0_0, 0, 4;
    %pushi/vec4 1023, 0, 10;
    %store/vec4 v0000024694152990_0, 0, 10;
    %pushi/vec4 0, 0, 1;
    %store/vec4 v00000246941528f0_0, 0, 1;
    %end;
    .thread T_0;
    .scope S_00000246940c2830;
T_1 ;
    %pushi/vec4 72, 0, 8; draw_string_vec4
    %ix/load 4, 0, 0;
    %flag_set/imm 4, 0;
    %store/vec4a v0000024694152850, 4, 0;
    %pushi/vec4 101, 0, 8; draw_string_vec4
    %ix/load 4, 1, 0;
    %flag_set/imm 4, 0;
    %store/vec4a v0000024694152850, 4, 0;
    %pushi/vec4 108, 0, 8; draw_string_vec4
    %ix/load 4, 2, 0;
    %flag_set/imm 4, 0;
    %store/vec4a v0000024694152850, 4, 0;
    %pushi/vec4 108, 0, 8; draw_string_vec4
    %ix/load 4, 3, 0;
    %flag_set/imm 4, 0;
    %store/vec4a v0000024694152850, 4, 0;
    %pushi/vec4 111, 0, 8; draw_string_vec4
    %ix/load 4, 4, 0;
    %flag_set/imm 4, 0;
    %store/vec4a v0000024694152850, 4, 0;
    %pushi/vec4 32, 0, 8; draw_string_vec4
    %ix/load 4, 5, 0;
    %flag_set/imm 4, 0;
    %store/vec4a v0000024694152850, 4, 0;
    %pushi/vec4 87, 0, 8; draw_string_vec4
    %ix/load 4, 6, 0;
    %flag_set/imm 4, 0;
    %store/vec4a v0000024694152850, 4, 0;
    %pushi/vec4 111, 0, 8; draw_string_vec4
    %ix/load 4, 7, 0;
    %flag_set/imm 4, 0;
    %store/vec4a v0000024694152850, 4, 0;
    %pushi/vec4 114, 0, 8; draw_string_vec4
    %ix/load 4, 8, 0;
    %flag_set/imm 4, 0;
    %store/vec4a v0000024694152850, 4, 0;
    %pushi/vec4 108, 0, 8; draw_string_vec4
    %ix/load 4, 9, 0;
    %flag_set/imm 4, 0;
    %store/vec4a v0000024694152850, 4, 0;
    %pushi/vec4 100, 0, 8; draw_string_vec4
    %ix/load 4, 10, 0;
    %flag_set/imm 4, 0;
    %store/vec4a v0000024694152850, 4, 0;
    %pushi/vec4 13, 0, 8;
    %ix/load 4, 11, 0;
    %flag_set/imm 4, 0;
    %store/vec4a v0000024694152850, 4, 0;
    %pushi/vec4 10, 0, 8;
    %ix/load 4, 12, 0;
    %flag_set/imm 4, 0;
    %store/vec4a v0000024694152850, 4, 0;
    %end;
    .thread T_1;
    .scope S_00000246940c2830;
T_2 ;
    %wait E_00000246940e7b00;
    %load/vec4 v00000246940c2b20_0;
    %pad/u 32;
    %cmpi/e 125, 0, 32;
    %jmp/0xz  T_2.0, 4;
    %pushi/vec4 0, 0, 8;
    %assign/vec4 v00000246940c2b20_0, 0;
    %pushi/vec4 1, 0, 1;
    %assign/vec4 v0000024694152a30_0, 0;
    %jmp T_2.1;
T_2.0 ;
    %load/vec4 v00000246940c2b20_0;
    %addi 1, 0, 8;
    %assign/vec4 v00000246940c2b20_0, 0;
    %pushi/vec4 0, 0, 1;
    %assign/vec4 v0000024694152a30_0, 0;
T_2.1 ;
    %jmp T_2;
    .thread T_2;
    .scope S_00000246940c2830;
T_3 ;
    %wait E_00000246940e7b00;
    %load/vec4 v0000024694152a30_0;
    %flag_set/vec4 9;
    %flag_get/vec4 9;
    %jmp/0 T_3.2, 9;
    %load/vec4 v00000246941528f0_0;
    %nor/r;
    %and;
T_3.2;
    %flag_set/vec4 8;
    %jmp/0xz  T_3.0, 8;
    %pushi/vec4 1, 0, 1;
    %assign/vec4 v00000246941528f0_0, 0;
    %pushi/vec4 0, 0, 4;
    %store/vec4 v00000246940c32b0_0, 0, 4;
    %pushi/vec4 0, 0, 4;
    %assign/vec4 v00000246940c2e70_0, 0;
    %pushi/vec4 0, 0, 4;
    %assign/vec4 v00000246940c3090_0, 0;
    %pushi/vec4 1, 0, 1;
    %ix/load 4, 0, 0;
    %flag_set/imm 4, 0;
    %load/vec4a v0000024694152850, 4;
    %concat/vec4; draw_concat_vec4
    %concati/vec4 0, 0, 1;
    %assign/vec4 v0000024694152990_0, 0;
    %jmp T_3.1;
T_3.0 ;
    %load/vec4 v00000246941528f0_0;
    %flag_set/vec4 8;
    %jmp/0xz  T_3.3, 8;
    %load/vec4 v00000246940c3090_0;
    %pad/u 32;
    %cmpi/e 3, 0, 32;
    %jmp/0xz  T_3.5, 4;
    %pushi/vec4 0, 0, 4;
    %assign/vec4 v00000246940c3090_0, 0;
    %pushi/vec4 1, 0, 1;
    %load/vec4 v0000024694152990_0;
    %parti/s 9, 1, 2;
    %concat/vec4; draw_concat_vec4
    %assign/vec4 v0000024694152990_0, 0;
    %load/vec4 v00000246940c2e70_0;
    %addi 1, 0, 4;
    %assign/vec4 v00000246940c2e70_0, 0;
    %load/vec4 v00000246940c2e70_0;
    %pad/u 32;
    %cmpi/e 9, 0, 32;
    %jmp/0xz  T_3.7, 4;
    %pushi/vec4 0, 0, 4;
    %assign/vec4 v00000246940c2e70_0, 0;
    %load/vec4 v00000246940c32b0_0;
    %addi 1, 0, 4;
    %assign/vec4 v00000246940c32b0_0, 0;
    %load/vec4 v00000246940c32b0_0;
    %pad/u 32;
    %cmpi/e 12, 0, 32;
    %jmp/0xz  T_3.9, 4;
    %pushi/vec4 0, 0, 1;
    %assign/vec4 v00000246941528f0_0, 0;
    %jmp T_3.10;
T_3.9 ;
    %pushi/vec4 1, 0, 1;
    %load/vec4 v00000246940c32b0_0;
    %pad/u 32;
    %addi 1, 0, 32;
    %ix/vec4 4;
    %load/vec4a v0000024694152850, 4;
    %concat/vec4; draw_concat_vec4
    %concati/vec4 0, 0, 1;
    %assign/vec4 v0000024694152990_0, 0;
T_3.10 ;
T_3.7 ;
    %jmp T_3.6;
T_3.5 ;
    %load/vec4 v00000246940c3090_0;
    %addi 1, 0, 4;
    %assign/vec4 v00000246940c3090_0, 0;
T_3.6 ;
T_3.3 ;
T_3.1 ;
    %jmp T_3;
    .thread T_3;
    .scope S_00000246940e5380;
T_4 ;
    %pushi/vec4 0, 0, 1;
    %store/vec4 v0000024694152b70_0, 0, 1;
    %end;
    .thread T_4;
    .scope S_00000246940e5380;
T_5 ;
    %delay 5, 0;
    %load/vec4 v0000024694152b70_0;
    %inv;
    %store/vec4 v0000024694152b70_0, 0, 1;
    %jmp T_5;
    .thread T_5;
    .scope S_00000246940e5380;
T_6 ;
    %delay 100000, 0;
    %vpi_call 2 100 "$finish" {0 0 0};
    %end;
    .thread T_6;
    .scope S_00000246940e5380;
T_7 ;
    %vpi_call 2 103 "$dumpvars", 32'sb00000000000000000000000000000000, S_00000246940e5380 {0 0 0};
    %vpi_call 2 104 "$dumpfile", "uart.vcd" {0 0 0};
    %end;
    .thread T_7;
# The file index is used to find the file name in the following table.
:file_names 3;
    "N/A";
    "<interactive>";
    "uart.v";
