#! /c/Source/iverilog-install/bin/vvp
:ivl_version "12.0 (devel)" "(s20150603-1539-g2693dd32b)";
:ivl_delay_selection "TYPICAL";
:vpi_time_precision + 0;
:vpi_module "C:\iverilog\lib\ivl\system.vpi";
:vpi_module "C:\iverilog\lib\ivl\vhdl_sys.vpi";
:vpi_module "C:\iverilog\lib\ivl\vhdl_textio.vpi";
:vpi_module "C:\iverilog\lib\ivl\v2005_math.vpi";
:vpi_module "C:\iverilog\lib\ivl\va_math.vpi";
S_0000025fc4d7b650 .scope module, "uart_top" "uart_top" 2 4;
 .timescale 0 0;
    .port_info 0 /INPUT 1 "clk";
    .port_info 1 /INPUT 1 "rx";
    .port_info 2 /INPUT 8 "dintx";
    .port_info 3 /INPUT 1 "newd";
    .port_info 4 /OUTPUT 1 "tx";
    .port_info 5 /OUTPUT 8 "doutrx";
    .port_info 6 /OUTPUT 1 "donetx";
    .port_info 7 /OUTPUT 1 "donerx";
P_0000025fc4e697c0 .param/l "baud_rate" 0 2 6, +C4<00000000000000000010010110000000>;
P_0000025fc4e697f8 .param/l "clk_freq" 0 2 5, +C4<00000001100110111111110011000000>;
o0000025fc4d89f78 .functor BUFZ 1, C4<z>; HiZ drive
v0000025fc4d73fa0_0 .net "clk", 0 0, o0000025fc4d89f78;  0 drivers
o0000025fc4d8a368 .functor BUFZ 8, C4<zzzzzzzz>; HiZ drive
v0000025fc4d73820_0 .net "dintx", 7 0, o0000025fc4d8a368;  0 drivers
v0000025fc4d73a00_0 .net "donerx", 0 0, v0000025fc4d873c0_0;  1 drivers
v0000025fc4d73f00_0 .net "donetx", 0 0, v0000025fc4d73500_0;  1 drivers
v0000025fc4d735a0_0 .net "doutrx", 7 0, v0000025fc4d875a0_0;  1 drivers
o0000025fc4d8a2d8 .functor BUFZ 1, C4<z>; HiZ drive
v0000025fc4d73640_0 .net "newd", 0 0, o0000025fc4d8a2d8;  0 drivers
o0000025fc4d8a038 .functor BUFZ 1, C4<z>; HiZ drive
v0000025fc4d740e0_0 .net "rst", 0 0, o0000025fc4d8a038;  0 drivers
o0000025fc4d8a068 .functor BUFZ 1, C4<z>; HiZ drive
v0000025fc4d73c80_0 .net "rx", 0 0, o0000025fc4d8a068;  0 drivers
v0000025fc4d73aa0_0 .net "tx", 0 0, v0000025fc4d73e60_0;  1 drivers
S_0000025fc4d7b7e0 .scope module, "rtx" "uartrx" 2 27, 3 1 0, S_0000025fc4d7b650;
 .timescale 0 0;
    .port_info 0 /INPUT 1 "clk";
    .port_info 1 /INPUT 1 "rst";
    .port_info 2 /INPUT 1 "rx";
    .port_info 3 /OUTPUT 1 "done";
    .port_info 4 /OUTPUT 8 "rxdata";
P_0000025fc4d663f0 .param/l "baud_rate" 0 3 2, +C4<00000000000000000010010110000000>;
P_0000025fc4d66428 .param/l "clk_freq" 0 3 1, +C4<00000001100110111111110011000000>;
P_0000025fc4d66460 .param/l "clkcount" 1 3 10, +C4<00000000000000000000101011111100>;
P_0000025fc4d66498 .param/l "idle" 1 3 14, C4<00>;
P_0000025fc4d664d0 .param/l "start" 1 3 14, C4<01>;
v0000025fc4d43360_0 .net "clk", 0 0, o0000025fc4d89f78;  alias, 0 drivers
v0000025fc4d431b0_0 .var/i "count", 31 0;
v0000025fc4e6bc70_0 .var/i "counts", 31 0;
v0000025fc4d873c0_0 .var "done", 0 0;
v0000025fc4d87460_0 .net "rst", 0 0, o0000025fc4d8a038;  alias, 0 drivers
v0000025fc4d87500_0 .net "rx", 0 0, o0000025fc4d8a068;  alias, 0 drivers
v0000025fc4d875a0_0 .var "rxdata", 7 0;
v0000025fc4d87640_0 .var "state", 1 0;
v0000025fc4d876e0_0 .var "uclk", 0 0;
E_0000025fc4d67fb0 .event posedge, v0000025fc4d876e0_0;
E_0000025fc4d679f0 .event posedge, v0000025fc4d43360_0;
S_0000025fc4d72f10 .scope module, "utx" "uarttx" 2 22, 4 1 0, S_0000025fc4d7b650;
 .timescale 0 0;
    .port_info 0 /INPUT 1 "clk";
    .port_info 1 /INPUT 1 "rst";
    .port_info 2 /INPUT 1 "newd";
    .port_info 3 /INPUT 8 "tx_data";
    .port_info 4 /OUTPUT 1 "tx";
    .port_info 5 /OUTPUT 1 "donetx";
P_0000025fc4d730a0 .param/l "baud_rate" 0 4 2, +C4<00000000000000000010010110000000>;
P_0000025fc4d730d8 .param/l "clk_freq" 0 4 1, +C4<00000001100110111111110011000000>;
P_0000025fc4d73110 .param/l "clkcount" 1 4 9, +C4<00000000000000000000101011111100>;
P_0000025fc4d73148 .param/l "done" 1 4 19, C4<11>;
P_0000025fc4d73180 .param/l "idle" 1 4 16, C4<00>;
P_0000025fc4d731b8 .param/l "start" 1 4 17, C4<01>;
P_0000025fc4d731f0 .param/l "transfer" 1 4 18, C4<10>;
v0000025fc4d87780_0 .net "clk", 0 0, o0000025fc4d89f78;  alias, 0 drivers
v0000025fc4d73230_0 .var/i "count", 31 0;
v0000025fc4d732d0_0 .var/i "counts", 31 0;
v0000025fc4d73370_0 .var "din", 7 0;
v0000025fc4d73500_0 .var "donetx", 0 0;
v0000025fc4d73780_0 .net "newd", 0 0, o0000025fc4d8a2d8;  alias, 0 drivers
v0000025fc4d74220_0 .net "rst", 0 0, o0000025fc4d8a038;  alias, 0 drivers
v0000025fc4d738c0_0 .var "state", 1 0;
v0000025fc4d73e60_0 .var "tx", 0 0;
v0000025fc4d73960_0 .net "tx_data", 7 0, o0000025fc4d8a368;  alias, 0 drivers
v0000025fc4d74180_0 .var "uclk", 0 0;
E_0000025fc4d67cb0 .event posedge, v0000025fc4d74180_0;
    .scope S_0000025fc4d72f10;
T_0 ;
    %pushi/vec4 0, 0, 32;
    %store/vec4 v0000025fc4d73230_0, 0, 32;
    %pushi/vec4 0, 0, 32;
    %store/vec4 v0000025fc4d732d0_0, 0, 32;
    %pushi/vec4 0, 0, 1;
    %store/vec4 v0000025fc4d74180_0, 0, 1;
    %pushi/vec4 0, 0, 2;
    %store/vec4 v0000025fc4d738c0_0, 0, 2;
    %end;
    .thread T_0;
    .scope S_0000025fc4d72f10;
T_1 ;
    %wait E_0000025fc4d679f0;
    %load/vec4 v0000025fc4d73230_0;
    %cmpi/s 1406, 0, 32;
    %jmp/0xz  T_1.0, 5;
    %load/vec4 v0000025fc4d73230_0;
    %addi 1, 0, 32;
    %assign/vec4 v0000025fc4d73230_0, 0;
    %jmp T_1.1;
T_1.0 ;
    %pushi/vec4 0, 0, 32;
    %assign/vec4 v0000025fc4d73230_0, 0;
    %load/vec4 v0000025fc4d74180_0;
    %inv;
    %assign/vec4 v0000025fc4d74180_0, 0;
T_1.1 ;
    %jmp T_1;
    .thread T_1;
    .scope S_0000025fc4d72f10;
T_2 ;
    %wait E_0000025fc4d67cb0;
    %load/vec4 v0000025fc4d74220_0;
    %flag_set/vec4 8;
    %jmp/0xz  T_2.0, 8;
    %pushi/vec4 0, 0, 2;
    %assign/vec4 v0000025fc4d738c0_0, 0;
    %jmp T_2.1;
T_2.0 ;
    %load/vec4 v0000025fc4d738c0_0;
    %dup/vec4;
    %pushi/vec4 0, 0, 2;
    %cmp/u;
    %jmp/1 T_2.2, 6;
    %dup/vec4;
    %pushi/vec4 2, 0, 2;
    %cmp/u;
    %jmp/1 T_2.3, 6;
    %pushi/vec4 0, 0, 2;
    %assign/vec4 v0000025fc4d738c0_0, 0;
    %jmp T_2.5;
T_2.2 ;
    %pushi/vec4 0, 0, 32;
    %assign/vec4 v0000025fc4d732d0_0, 0;
    %pushi/vec4 1, 0, 1;
    %assign/vec4 v0000025fc4d73e60_0, 0;
    %pushi/vec4 0, 0, 1;
    %assign/vec4 v0000025fc4d73500_0, 0;
    %load/vec4 v0000025fc4d73780_0;
    %flag_set/vec4 8;
    %jmp/0xz  T_2.6, 8;
    %pushi/vec4 2, 0, 2;
    %assign/vec4 v0000025fc4d738c0_0, 0;
    %load/vec4 v0000025fc4d73960_0;
    %assign/vec4 v0000025fc4d73370_0, 0;
    %pushi/vec4 0, 0, 1;
    %assign/vec4 v0000025fc4d73e60_0, 0;
    %jmp T_2.7;
T_2.6 ;
    %pushi/vec4 0, 0, 2;
    %assign/vec4 v0000025fc4d738c0_0, 0;
T_2.7 ;
    %jmp T_2.5;
T_2.3 ;
    %load/vec4 v0000025fc4d732d0_0;
    %cmpi/s 7, 0, 32;
    %flag_or 5, 4;
    %jmp/0xz  T_2.8, 5;
    %load/vec4 v0000025fc4d732d0_0;
    %addi 1, 0, 32;
    %assign/vec4 v0000025fc4d732d0_0, 0;
    %load/vec4 v0000025fc4d73370_0;
    %load/vec4 v0000025fc4d732d0_0;
    %part/s 1;
    %assign/vec4 v0000025fc4d73e60_0, 0;
    %pushi/vec4 2, 0, 2;
    %assign/vec4 v0000025fc4d738c0_0, 0;
    %jmp T_2.9;
T_2.8 ;
    %pushi/vec4 0, 0, 32;
    %assign/vec4 v0000025fc4d732d0_0, 0;
    %pushi/vec4 1, 0, 1;
    %assign/vec4 v0000025fc4d73e60_0, 0;
    %pushi/vec4 0, 0, 2;
    %assign/vec4 v0000025fc4d738c0_0, 0;
    %pushi/vec4 1, 0, 1;
    %assign/vec4 v0000025fc4d73500_0, 0;
T_2.9 ;
    %jmp T_2.5;
T_2.5 ;
    %pop/vec4 1;
T_2.1 ;
    %jmp T_2;
    .thread T_2;
    .scope S_0000025fc4d7b7e0;
T_3 ;
    %pushi/vec4 0, 0, 32;
    %store/vec4 v0000025fc4d431b0_0, 0, 32;
    %pushi/vec4 0, 0, 32;
    %store/vec4 v0000025fc4e6bc70_0, 0, 32;
    %pushi/vec4 0, 0, 1;
    %store/vec4 v0000025fc4d876e0_0, 0, 1;
    %pushi/vec4 0, 0, 2;
    %store/vec4 v0000025fc4d87640_0, 0, 2;
    %end;
    .thread T_3;
    .scope S_0000025fc4d7b7e0;
T_4 ;
    %wait E_0000025fc4d679f0;
    %load/vec4 v0000025fc4d431b0_0;
    %cmpi/s 1406, 0, 32;
    %jmp/0xz  T_4.0, 5;
    %load/vec4 v0000025fc4d431b0_0;
    %addi 1, 0, 32;
    %assign/vec4 v0000025fc4d431b0_0, 0;
    %jmp T_4.1;
T_4.0 ;
    %pushi/vec4 0, 0, 32;
    %assign/vec4 v0000025fc4d431b0_0, 0;
    %load/vec4 v0000025fc4d876e0_0;
    %inv;
    %assign/vec4 v0000025fc4d876e0_0, 0;
T_4.1 ;
    %jmp T_4;
    .thread T_4;
    .scope S_0000025fc4d7b7e0;
T_5 ;
    %wait E_0000025fc4d67fb0;
    %load/vec4 v0000025fc4d87460_0;
    %flag_set/vec4 8;
    %jmp/0xz  T_5.0, 8;
    %pushi/vec4 0, 0, 8;
    %assign/vec4 v0000025fc4d875a0_0, 0;
    %pushi/vec4 0, 0, 32;
    %assign/vec4 v0000025fc4e6bc70_0, 0;
    %pushi/vec4 0, 0, 1;
    %assign/vec4 v0000025fc4d873c0_0, 0;
    %jmp T_5.1;
T_5.0 ;
    %load/vec4 v0000025fc4d87640_0;
    %dup/vec4;
    %pushi/vec4 0, 0, 2;
    %cmp/u;
    %jmp/1 T_5.2, 6;
    %dup/vec4;
    %pushi/vec4 1, 0, 2;
    %cmp/u;
    %jmp/1 T_5.3, 6;
    %pushi/vec4 0, 0, 2;
    %assign/vec4 v0000025fc4d87640_0, 0;
    %jmp T_5.5;
T_5.2 ;
    %pushi/vec4 0, 0, 8;
    %assign/vec4 v0000025fc4d875a0_0, 0;
    %pushi/vec4 0, 0, 32;
    %assign/vec4 v0000025fc4e6bc70_0, 0;
    %pushi/vec4 0, 0, 1;
    %assign/vec4 v0000025fc4d873c0_0, 0;
    %load/vec4 v0000025fc4d87500_0;
    %cmpi/e 0, 0, 1;
    %jmp/0xz  T_5.6, 4;
    %pushi/vec4 1, 0, 2;
    %assign/vec4 v0000025fc4d87640_0, 0;
    %jmp T_5.7;
T_5.6 ;
    %pushi/vec4 0, 0, 2;
    %assign/vec4 v0000025fc4d87640_0, 0;
T_5.7 ;
    %jmp T_5.5;
T_5.3 ;
    %load/vec4 v0000025fc4e6bc70_0;
    %cmpi/s 7, 0, 32;
    %flag_or 5, 4;
    %jmp/0xz  T_5.8, 5;
    %load/vec4 v0000025fc4e6bc70_0;
    %addi 1, 0, 32;
    %assign/vec4 v0000025fc4e6bc70_0, 0;
    %load/vec4 v0000025fc4d87500_0;
    %load/vec4 v0000025fc4d875a0_0;
    %parti/s 7, 1, 2;
    %concat/vec4; draw_concat_vec4
    %assign/vec4 v0000025fc4d875a0_0, 0;
    %jmp T_5.9;
T_5.8 ;
    %pushi/vec4 0, 0, 32;
    %assign/vec4 v0000025fc4e6bc70_0, 0;
    %pushi/vec4 1, 0, 1;
    %assign/vec4 v0000025fc4d873c0_0, 0;
    %pushi/vec4 0, 0, 2;
    %assign/vec4 v0000025fc4d87640_0, 0;
T_5.9 ;
    %jmp T_5.5;
T_5.5 ;
    %pop/vec4 1;
T_5.1 ;
    %jmp T_5;
    .thread T_5;
# The file index is used to find the file name in the following table.
:file_names 5;
    "N/A";
    "<interactive>";
    "uart_top.v";
    "./uart_rx.v";
    "./uart_tx.v";
