#! /c/Source/iverilog-install/bin/vvp
:ivl_version "12.0 (devel)" "(s20150603-1539-g2693dd32b)";
:ivl_delay_selection "TYPICAL";
:vpi_time_precision + 0;
:vpi_module "C:\iverilog\lib\ivl\system.vpi";
:vpi_module "C:\iverilog\lib\ivl\vhdl_sys.vpi";
:vpi_module "C:\iverilog\lib\ivl\vhdl_textio.vpi";
:vpi_module "C:\iverilog\lib\ivl\v2005_math.vpi";
:vpi_module "C:\iverilog\lib\ivl\va_math.vpi";
S_0000021e2a052db0 .scope module, "uartrx" "uartrx" 2 1;
 .timescale 0 0;
    .port_info 0 /INPUT 1 "clk";
    .port_info 1 /INPUT 1 "rst";
    .port_info 2 /INPUT 1 "rx";
    .port_info 3 /OUTPUT 1 "done";
    .port_info 4 /OUTPUT 8 "rxdata";
P_0000021e2a052f40 .param/l "baud_rate" 0 2 2, +C4<00000000000000000010010110000000>;
P_0000021e2a052f78 .param/l "clk_freq" 0 2 1, +C4<00000001100110111111110011000000>;
P_0000021e2a052fb0 .param/l "clkcount" 1 2 10, +C4<00000000000000000000101011111100>;
P_0000021e2a052fe8 .param/l "idle" 1 2 14, C4<00>;
P_0000021e2a053020 .param/l "start" 1 2 14, C4<01>;
o0000021e2a08bf88 .functor BUFZ 1, C4<z>; HiZ drive
v0000021e2a053320_0 .net "clk", 0 0, o0000021e2a08bf88;  0 drivers
v0000021e2a053060_0 .var/i "count", 31 0;
v0000021e2a03b9e0_0 .var/i "counts", 31 0;
v0000021e2a03ba80_0 .var "done", 0 0;
o0000021e2a08c048 .functor BUFZ 1, C4<z>; HiZ drive
v0000021e2a03bb20_0 .net "rst", 0 0, o0000021e2a08c048;  0 drivers
o0000021e2a08c078 .functor BUFZ 1, C4<z>; HiZ drive
v0000021e2a03bbc0_0 .net "rx", 0 0, o0000021e2a08c078;  0 drivers
v0000021e2a03bc60_0 .var "rxdata", 7 0;
v0000021e2a084c60_0 .var "state", 1 0;
v0000021e2a084d00_0 .var "uclk", 0 0;
E_0000021e2a089e00 .event posedge, v0000021e2a084d00_0;
E_0000021e2a089f00 .event posedge, v0000021e2a053320_0;
    .scope S_0000021e2a052db0;
T_0 ;
    %pushi/vec4 0, 0, 32;
    %store/vec4 v0000021e2a053060_0, 0, 32;
    %pushi/vec4 0, 0, 32;
    %store/vec4 v0000021e2a03b9e0_0, 0, 32;
    %pushi/vec4 0, 0, 1;
    %store/vec4 v0000021e2a084d00_0, 0, 1;
    %pushi/vec4 0, 0, 2;
    %store/vec4 v0000021e2a084c60_0, 0, 2;
    %end;
    .thread T_0;
    .scope S_0000021e2a052db0;
T_1 ;
    %wait E_0000021e2a089f00;
    %load/vec4 v0000021e2a053060_0;
    %cmpi/s 1406, 0, 32;
    %jmp/0xz  T_1.0, 5;
    %load/vec4 v0000021e2a053060_0;
    %addi 1, 0, 32;
    %assign/vec4 v0000021e2a053060_0, 0;
    %jmp T_1.1;
T_1.0 ;
    %pushi/vec4 0, 0, 32;
    %assign/vec4 v0000021e2a053060_0, 0;
    %load/vec4 v0000021e2a084d00_0;
    %inv;
    %assign/vec4 v0000021e2a084d00_0, 0;
T_1.1 ;
    %jmp T_1;
    .thread T_1;
    .scope S_0000021e2a052db0;
T_2 ;
    %wait E_0000021e2a089e00;
    %load/vec4 v0000021e2a03bb20_0;
    %flag_set/vec4 8;
    %jmp/0xz  T_2.0, 8;
    %pushi/vec4 0, 0, 8;
    %assign/vec4 v0000021e2a03bc60_0, 0;
    %pushi/vec4 0, 0, 32;
    %assign/vec4 v0000021e2a03b9e0_0, 0;
    %pushi/vec4 0, 0, 1;
    %assign/vec4 v0000021e2a03ba80_0, 0;
    %jmp T_2.1;
T_2.0 ;
    %load/vec4 v0000021e2a084c60_0;
    %dup/vec4;
    %pushi/vec4 0, 0, 2;
    %cmp/u;
    %jmp/1 T_2.2, 6;
    %dup/vec4;
    %pushi/vec4 1, 0, 2;
    %cmp/u;
    %jmp/1 T_2.3, 6;
    %pushi/vec4 0, 0, 2;
    %assign/vec4 v0000021e2a084c60_0, 0;
    %jmp T_2.5;
T_2.2 ;
    %pushi/vec4 0, 0, 8;
    %assign/vec4 v0000021e2a03bc60_0, 0;
    %pushi/vec4 0, 0, 32;
    %assign/vec4 v0000021e2a03b9e0_0, 0;
    %pushi/vec4 0, 0, 1;
    %assign/vec4 v0000021e2a03ba80_0, 0;
    %load/vec4 v0000021e2a03bbc0_0;
    %cmpi/e 0, 0, 1;
    %jmp/0xz  T_2.6, 4;
    %pushi/vec4 1, 0, 2;
    %assign/vec4 v0000021e2a084c60_0, 0;
    %jmp T_2.7;
T_2.6 ;
    %pushi/vec4 0, 0, 2;
    %assign/vec4 v0000021e2a084c60_0, 0;
T_2.7 ;
    %jmp T_2.5;
T_2.3 ;
    %load/vec4 v0000021e2a03b9e0_0;
    %cmpi/s 7, 0, 32;
    %flag_or 5, 4;
    %jmp/0xz  T_2.8, 5;
    %load/vec4 v0000021e2a03b9e0_0;
    %addi 1, 0, 32;
    %assign/vec4 v0000021e2a03b9e0_0, 0;
    %load/vec4 v0000021e2a03bbc0_0;
    %load/vec4 v0000021e2a03bc60_0;
    %parti/s 7, 1, 2;
    %concat/vec4; draw_concat_vec4
    %assign/vec4 v0000021e2a03bc60_0, 0;
    %jmp T_2.9;
T_2.8 ;
    %pushi/vec4 0, 0, 32;
    %assign/vec4 v0000021e2a03b9e0_0, 0;
    %pushi/vec4 1, 0, 1;
    %assign/vec4 v0000021e2a03ba80_0, 0;
    %pushi/vec4 0, 0, 2;
    %assign/vec4 v0000021e2a084c60_0, 0;
T_2.9 ;
    %jmp T_2.5;
T_2.5 ;
    %pop/vec4 1;
T_2.1 ;
    %jmp T_2;
    .thread T_2;
# The file index is used to find the file name in the following table.
:file_names 3;
    "N/A";
    "<interactive>";
    "uart_rx.v";
