#! /c/Source/iverilog-install/bin/vvp
:ivl_version "12.0 (devel)" "(s20150603-1539-g2693dd32b)";
:ivl_delay_selection "TYPICAL";
:vpi_time_precision + 0;
:vpi_module "C:\iverilog\lib\ivl\system.vpi";
:vpi_module "C:\iverilog\lib\ivl\vhdl_sys.vpi";
:vpi_module "C:\iverilog\lib\ivl\vhdl_textio.vpi";
:vpi_module "C:\iverilog\lib\ivl\v2005_math.vpi";
:vpi_module "C:\iverilog\lib\ivl\va_math.vpi";
S_000001e179cab720 .scope module, "uart_tb" "uart_tb" 2 3;
 .timescale 0 0;
v000001e179d14fa0_0 .var "clk", 0 0;
v000001e179d14640_0 .var "dintx", 7 0;
v000001e179d14780_0 .net "donerx", 0 0, v000001e179c72ed0_0;  1 drivers
v000001e179d14960_0 .net "donetx", 0 0, v000001e179d145a0_0;  1 drivers
v000001e179d140a0_0 .net "doutrx", 7 0, v000001e179ca4cf0_0;  1 drivers
v000001e179d14140_0 .var "newd", 0 0;
v000001e179d16f70_0 .var "rst", 0 0;
v000001e179d171f0_0 .var "rx", 0 0;
v000001e179d17330_0 .var "rx_data", 7 0;
v000001e179d16570_0 .net "rx_tx", 0 0, v000001e179d14be0_0;  1 drivers
v000001e179d182d0_0 .var "tx_data", 7 0;
S_000001e179cab8b0 .scope module, "dut" "uart_top" 2 13, 3 4 0, S_000001e179cab720;
 .timescale 0 0;
    .port_info 0 /INPUT 1 "clk";
    .port_info 1 /INPUT 1 "rst";
    .port_info 2 /INPUT 1 "rx";
    .port_info 3 /INPUT 8 "dintx";
    .port_info 4 /INPUT 1 "newd";
    .port_info 5 /OUTPUT 1 "tx";
    .port_info 6 /OUTPUT 8 "doutrx";
    .port_info 7 /OUTPUT 1 "donetx";
    .port_info 8 /OUTPUT 1 "donerx";
P_000001e179c5a700 .param/l "baud_rate" 0 3 6, +C4<00000000000000000010010110000000>;
P_000001e179c5a738 .param/l "clk_freq" 0 3 5, +C4<00000000000011110100001001000000>;
v000001e179d14c80_0 .net "clk", 0 0, v000001e179d14fa0_0;  1 drivers
v000001e179d14820_0 .net "dintx", 7 0, v000001e179d14640_0;  1 drivers
v000001e179d14280_0 .net "donerx", 0 0, v000001e179c72ed0_0;  alias, 1 drivers
v000001e179d14d20_0 .net "donetx", 0 0, v000001e179d145a0_0;  alias, 1 drivers
v000001e179d14320_0 .net "doutrx", 7 0, v000001e179ca4cf0_0;  alias, 1 drivers
v000001e179d141e0_0 .net "newd", 0 0, v000001e179d14140_0;  1 drivers
v000001e179d148c0_0 .net "rst", 0 0, v000001e179d16f70_0;  1 drivers
v000001e179d14dc0_0 .net "rx", 0 0, v000001e179d14be0_0;  alias, 1 drivers
v000001e179d14f00_0 .net "tx", 0 0, v000001e179d14be0_0;  alias, 1 drivers
S_000001e179c72ca0 .scope module, "rtx" "uartrx" 3 27, 4 1 0, S_000001e179cab8b0;
 .timescale 0 0;
    .port_info 0 /INPUT 1 "clk";
    .port_info 1 /INPUT 1 "rst";
    .port_info 2 /INPUT 1 "rx";
    .port_info 3 /OUTPUT 1 "done";
    .port_info 4 /OUTPUT 8 "rxdata";
P_000001e179c98be0 .param/l "baud_rate" 0 4 2, +C4<00000000000000000010010110000000>;
P_000001e179c98c18 .param/l "clk_freq" 0 4 1, +C4<00000000000011110100001001000000>;
P_000001e179c98c50 .param/l "clkcount" 1 4 10, +C4<00000000000000000000000001101000>;
P_000001e179c98c88 .param/l "idle" 1 4 14, C4<00>;
P_000001e179c98cc0 .param/l "start" 1 4 14, C4<01>;
v000001e179c73390_0 .net "clk", 0 0, v000001e179d14fa0_0;  alias, 1 drivers
v000001e179caba40_0 .var/i "count", 31 0;
v000001e179cabae0_0 .var/i "counts", 31 0;
v000001e179c72e30_0 .var "data", 7 0;
v000001e179c72ed0_0 .var "done", 0 0;
v000001e179c72f70_0 .net "rst", 0 0, v000001e179d16f70_0;  alias, 1 drivers
v000001e179c73010_0 .net "rx", 0 0, v000001e179d14be0_0;  alias, 1 drivers
v000001e179ca4cf0_0 .var "rxdata", 7 0;
v000001e179ca4d90_0 .var "state", 1 0;
v000001e179ca4e30_0 .var "uclk", 0 0;
E_000001e179c9d8b0 .event posedge, v000001e179ca4e30_0;
E_000001e179c9d470 .event posedge, v000001e179c73390_0;
S_000001e179cb9b10 .scope module, "utx" "uarttx" 3 22, 5 1 0, S_000001e179cab8b0;
 .timescale 0 0;
    .port_info 0 /INPUT 1 "clk";
    .port_info 1 /INPUT 1 "rst";
    .port_info 2 /INPUT 1 "newd";
    .port_info 3 /INPUT 8 "tx_data";
    .port_info 4 /OUTPUT 1 "tx";
    .port_info 5 /OUTPUT 1 "donetx";
P_000001e179cb9ca0 .param/l "baud_rate" 0 5 2, +C4<00000000000000000010010110000000>;
P_000001e179cb9cd8 .param/l "clk_freq" 0 5 1, +C4<00000000000011110100001001000000>;
P_000001e179cb9d10 .param/l "clkcount" 1 5 9, +C4<00000000000000000000000001101000>;
P_000001e179cb9d48 .param/l "done" 1 5 19, C4<11>;
P_000001e179cb9d80 .param/l "idle" 1 5 16, C4<00>;
P_000001e179cb9db8 .param/l "start" 1 5 17, C4<01>;
P_000001e179cb9df0 .param/l "transfer" 1 5 18, C4<10>;
v000001e179ca4ed0_0 .net "clk", 0 0, v000001e179d14fa0_0;  alias, 1 drivers
v000001e179d14aa0_0 .var/i "count", 31 0;
v000001e179d14b40_0 .var/i "counts", 31 0;
v000001e179d143c0_0 .var "din", 7 0;
v000001e179d145a0_0 .var "donetx", 0 0;
v000001e179d14460_0 .net "newd", 0 0, v000001e179d14140_0;  alias, 1 drivers
v000001e179d14a00_0 .net "rst", 0 0, v000001e179d16f70_0;  alias, 1 drivers
v000001e179d14e60_0 .var "state", 1 0;
v000001e179d14be0_0 .var "tx", 0 0;
v000001e179d146e0_0 .net "tx_data", 7 0, v000001e179d14640_0;  alias, 1 drivers
v000001e179d14500_0 .var "uclk", 0 0;
E_000001e179c9d030 .event posedge, v000001e179d14500_0;
    .scope S_000001e179cb9b10;
T_0 ;
    %pushi/vec4 0, 0, 32;
    %store/vec4 v000001e179d14aa0_0, 0, 32;
    %pushi/vec4 0, 0, 32;
    %store/vec4 v000001e179d14b40_0, 0, 32;
    %pushi/vec4 0, 0, 1;
    %store/vec4 v000001e179d14500_0, 0, 1;
    %pushi/vec4 0, 0, 2;
    %store/vec4 v000001e179d14e60_0, 0, 2;
    %end;
    .thread T_0;
    .scope S_000001e179cb9b10;
T_1 ;
    %wait E_000001e179c9d470;
    %load/vec4 v000001e179d14aa0_0;
    %cmpi/s 52, 0, 32;
    %jmp/0xz  T_1.0, 5;
    %load/vec4 v000001e179d14aa0_0;
    %addi 1, 0, 32;
    %assign/vec4 v000001e179d14aa0_0, 0;
    %jmp T_1.1;
T_1.0 ;
    %pushi/vec4 0, 0, 32;
    %assign/vec4 v000001e179d14aa0_0, 0;
    %load/vec4 v000001e179d14500_0;
    %inv;
    %assign/vec4 v000001e179d14500_0, 0;
T_1.1 ;
    %jmp T_1;
    .thread T_1;
    .scope S_000001e179cb9b10;
T_2 ;
    %wait E_000001e179c9d030;
    %load/vec4 v000001e179d14a00_0;
    %flag_set/vec4 8;
    %jmp/0xz  T_2.0, 8;
    %pushi/vec4 0, 0, 2;
    %assign/vec4 v000001e179d14e60_0, 0;
    %jmp T_2.1;
T_2.0 ;
    %load/vec4 v000001e179d14e60_0;
    %dup/vec4;
    %pushi/vec4 0, 0, 2;
    %cmp/u;
    %jmp/1 T_2.2, 6;
    %dup/vec4;
    %pushi/vec4 2, 0, 2;
    %cmp/u;
    %jmp/1 T_2.3, 6;
    %pushi/vec4 0, 0, 2;
    %assign/vec4 v000001e179d14e60_0, 0;
    %jmp T_2.5;
T_2.2 ;
    %pushi/vec4 0, 0, 32;
    %assign/vec4 v000001e179d14b40_0, 0;
    %pushi/vec4 1, 0, 1;
    %assign/vec4 v000001e179d14be0_0, 0;
    %pushi/vec4 0, 0, 1;
    %assign/vec4 v000001e179d145a0_0, 0;
    %load/vec4 v000001e179d14460_0;
    %flag_set/vec4 8;
    %jmp/0xz  T_2.6, 8;
    %pushi/vec4 2, 0, 2;
    %assign/vec4 v000001e179d14e60_0, 0;
    %load/vec4 v000001e179d146e0_0;
    %assign/vec4 v000001e179d143c0_0, 0;
    %pushi/vec4 0, 0, 1;
    %assign/vec4 v000001e179d14be0_0, 0;
    %jmp T_2.7;
T_2.6 ;
    %pushi/vec4 0, 0, 2;
    %assign/vec4 v000001e179d14e60_0, 0;
T_2.7 ;
    %jmp T_2.5;
T_2.3 ;
    %load/vec4 v000001e179d14b40_0;
    %cmpi/s 7, 0, 32;
    %flag_or 5, 4;
    %jmp/0xz  T_2.8, 5;
    %load/vec4 v000001e179d14b40_0;
    %addi 1, 0, 32;
    %assign/vec4 v000001e179d14b40_0, 0;
    %load/vec4 v000001e179d143c0_0;
    %load/vec4 v000001e179d14b40_0;
    %part/s 1;
    %assign/vec4 v000001e179d14be0_0, 0;
    %pushi/vec4 2, 0, 2;
    %assign/vec4 v000001e179d14e60_0, 0;
    %jmp T_2.9;
T_2.8 ;
    %pushi/vec4 0, 0, 32;
    %assign/vec4 v000001e179d14b40_0, 0;
    %pushi/vec4 1, 0, 1;
    %assign/vec4 v000001e179d14be0_0, 0;
    %pushi/vec4 0, 0, 2;
    %assign/vec4 v000001e179d14e60_0, 0;
    %pushi/vec4 1, 0, 1;
    %assign/vec4 v000001e179d145a0_0, 0;
T_2.9 ;
    %jmp T_2.5;
T_2.5 ;
    %pop/vec4 1;
T_2.1 ;
    %jmp T_2;
    .thread T_2;
    .scope S_000001e179c72ca0;
T_3 ;
    %pushi/vec4 0, 0, 32;
    %store/vec4 v000001e179caba40_0, 0, 32;
    %pushi/vec4 0, 0, 32;
    %store/vec4 v000001e179cabae0_0, 0, 32;
    %pushi/vec4 0, 0, 1;
    %store/vec4 v000001e179ca4e30_0, 0, 1;
    %pushi/vec4 0, 0, 2;
    %store/vec4 v000001e179ca4d90_0, 0, 2;
    %pushi/vec4 0, 0, 8;
    %store/vec4 v000001e179c72e30_0, 0, 8;
    %end;
    .thread T_3;
    .scope S_000001e179c72ca0;
T_4 ;
    %wait E_000001e179c9d470;
    %load/vec4 v000001e179caba40_0;
    %cmpi/s 52, 0, 32;
    %jmp/0xz  T_4.0, 5;
    %load/vec4 v000001e179caba40_0;
    %addi 1, 0, 32;
    %assign/vec4 v000001e179caba40_0, 0;
    %jmp T_4.1;
T_4.0 ;
    %pushi/vec4 0, 0, 32;
    %assign/vec4 v000001e179caba40_0, 0;
    %load/vec4 v000001e179ca4e30_0;
    %inv;
    %assign/vec4 v000001e179ca4e30_0, 0;
T_4.1 ;
    %jmp T_4;
    .thread T_4;
    .scope S_000001e179c72ca0;
T_5 ;
    %wait E_000001e179c9d8b0;
    %load/vec4 v000001e179c72f70_0;
    %flag_set/vec4 8;
    %jmp/0xz  T_5.0, 8;
    %pushi/vec4 0, 0, 8;
    %assign/vec4 v000001e179ca4cf0_0, 0;
    %pushi/vec4 0, 0, 32;
    %assign/vec4 v000001e179cabae0_0, 0;
    %pushi/vec4 0, 0, 1;
    %assign/vec4 v000001e179c72ed0_0, 0;
    %jmp T_5.1;
T_5.0 ;
    %load/vec4 v000001e179ca4d90_0;
    %dup/vec4;
    %pushi/vec4 0, 0, 2;
    %cmp/u;
    %jmp/1 T_5.2, 6;
    %dup/vec4;
    %pushi/vec4 1, 0, 2;
    %cmp/u;
    %jmp/1 T_5.3, 6;
    %pushi/vec4 0, 0, 2;
    %assign/vec4 v000001e179ca4d90_0, 0;
    %jmp T_5.5;
T_5.2 ;
    %pushi/vec4 0, 0, 8;
    %assign/vec4 v000001e179ca4cf0_0, 0;
    %pushi/vec4 0, 0, 32;
    %assign/vec4 v000001e179cabae0_0, 0;
    %pushi/vec4 0, 0, 1;
    %assign/vec4 v000001e179c72ed0_0, 0;
    %load/vec4 v000001e179c73010_0;
    %cmpi/e 0, 0, 1;
    %jmp/0xz  T_5.6, 4;
    %pushi/vec4 1, 0, 2;
    %assign/vec4 v000001e179ca4d90_0, 0;
    %jmp T_5.7;
T_5.6 ;
    %pushi/vec4 0, 0, 2;
    %assign/vec4 v000001e179ca4d90_0, 0;
T_5.7 ;
    %jmp T_5.5;
T_5.3 ;
    %load/vec4 v000001e179cabae0_0;
    %cmpi/s 7, 0, 32;
    %flag_or 5, 4;
    %jmp/0xz  T_5.8, 5;
    %load/vec4 v000001e179cabae0_0;
    %addi 1, 0, 32;
    %assign/vec4 v000001e179cabae0_0, 0;
    %load/vec4 v000001e179c73010_0;
    %load/vec4 v000001e179c72e30_0;
    %parti/s 7, 1, 2;
    %concat/vec4; draw_concat_vec4
    %assign/vec4 v000001e179c72e30_0, 0;
    %jmp T_5.9;
T_5.8 ;
    %load/vec4 v000001e179c72e30_0;
    %assign/vec4 v000001e179ca4cf0_0, 0;
    %pushi/vec4 0, 0, 32;
    %assign/vec4 v000001e179cabae0_0, 0;
    %pushi/vec4 1, 0, 1;
    %assign/vec4 v000001e179c72ed0_0, 0;
    %pushi/vec4 0, 0, 2;
    %assign/vec4 v000001e179ca4d90_0, 0;
T_5.9 ;
    %jmp T_5.5;
T_5.5 ;
    %pop/vec4 1;
T_5.1 ;
    %jmp T_5;
    .thread T_5;
    .scope S_000001e179cab720;
T_6 ;
    %pushi/vec4 0, 0, 1;
    %store/vec4 v000001e179d14fa0_0, 0, 1;
    %pushi/vec4 0, 0, 1;
    %store/vec4 v000001e179d16f70_0, 0, 1;
    %pushi/vec4 1, 0, 1;
    %store/vec4 v000001e179d171f0_0, 0, 1;
    %pushi/vec4 0, 0, 8;
    %store/vec4 v000001e179d17330_0, 0, 8;
    %pushi/vec4 0, 0, 8;
    %store/vec4 v000001e179d182d0_0, 0, 8;
    %end;
    .thread T_6;
    .scope S_000001e179cab720;
T_7 ;
    %delay 5, 0;
    %load/vec4 v000001e179d14fa0_0;
    %inv;
    %store/vec4 v000001e179d14fa0_0, 0, 1;
    %jmp T_7;
    .thread T_7;
    .scope S_000001e179cab720;
T_8 ;
    %vpi_call 2 22 "$dumpvars", 32'sb00000000000000000000000000000000 {0 0 0};
    %vpi_call 2 23 "$dumpfile", "uart_pr.vcd" {0 0 0};
    %end;
    .thread T_8;
    .scope S_000001e179cab720;
T_9 ;
    %pushi/vec4 1, 0, 1;
    %store/vec4 v000001e179d16f70_0, 0, 1;
    %delay 100, 0;
    %pushi/vec4 0, 0, 1;
    %store/vec4 v000001e179d16f70_0, 0, 1;
    %pushi/vec4 129, 0, 8;
    %store/vec4 v000001e179d14640_0, 0, 8;
    %pushi/vec4 1, 0, 1;
    %store/vec4 v000001e179d14140_0, 0, 1;
    %delay 10000, 0;
    %pushi/vec4 0, 0, 1;
    %store/vec4 v000001e179d14140_0, 0, 1;
    %delay 100, 0;
    %pushi/vec4 1, 0, 1;
    %store/vec4 v000001e179d14140_0, 0, 1;
    %pushi/vec4 170, 0, 8;
    %store/vec4 v000001e179d14640_0, 0, 8;
    %pushi/vec4 1, 0, 1;
    %store/vec4 v000001e179d14140_0, 0, 1;
    %delay 100000, 0;
    %pushi/vec4 1, 0, 1;
    %store/vec4 v000001e179d16f70_0, 0, 1;
    %delay 100, 0;
    %vpi_call 2 41 "$finish" {0 0 0};
    %end;
    .thread T_9;
# The file index is used to find the file name in the following table.
:file_names 6;
    "N/A";
    "<interactive>";
    "uart_tb.v";
    "./uart_top.v";
    "./uart_rx.v";
    "./uart_tx.v";
