#! /c/Source/iverilog-install/bin/vvp
:ivl_version "12.0 (devel)" "(s20150603-1539-g2693dd32b)";
:ivl_delay_selection "TYPICAL";
:vpi_time_precision + 0;
:vpi_module "C:\iverilog\lib\ivl\system.vpi";
:vpi_module "C:\iverilog\lib\ivl\vhdl_sys.vpi";
:vpi_module "C:\iverilog\lib\ivl\vhdl_textio.vpi";
:vpi_module "C:\iverilog\lib\ivl\v2005_math.vpi";
:vpi_module "C:\iverilog\lib\ivl\va_math.vpi";
S_0000022e1d4f2db0 .scope module, "uarttx" "uarttx" 2 1;
 .timescale 0 0;
    .port_info 0 /INPUT 1 "clk";
    .port_info 1 /INPUT 1 "rst";
    .port_info 2 /INPUT 1 "newd";
    .port_info 3 /INPUT 8 "tx_data";
    .port_info 4 /OUTPUT 1 "tx";
    .port_info 5 /OUTPUT 1 "donetx";
P_0000022e1d4f2f40 .param/l "baud_rate" 0 2 2, +C4<00000000000000000010010110000000>;
P_0000022e1d4f2f78 .param/l "clk_freq" 0 2 1, +C4<00000001100110111111110011000000>;
P_0000022e1d4f2fb0 .param/l "clkcount" 1 2 9, +C4<00000000000000000000101011111100>;
P_0000022e1d4f2fe8 .param/l "done" 1 2 19, C4<11>;
P_0000022e1d4f3020 .param/l "idle" 1 2 16, C4<00>;
P_0000022e1d4f3058 .param/l "start" 1 2 17, C4<01>;
P_0000022e1d4f3090 .param/l "transfer" 1 2 18, C4<10>;
o0000022e1d52bfa8 .functor BUFZ 1, C4<z>; HiZ drive
v0000022e1d4f3320_0 .net "clk", 0 0, o0000022e1d52bfa8;  0 drivers
v0000022e1d571030_0 .var/i "count", 31 0;
v0000022e1d5710d0_0 .var/i "counts", 31 0;
v0000022e1d571170_0 .var "din", 7 0;
v0000022e1d571210_0 .var "donetx", 0 0;
o0000022e1d52c098 .functor BUFZ 1, C4<z>; HiZ drive
v0000022e1d5712b0_0 .net "newd", 0 0, o0000022e1d52c098;  0 drivers
o0000022e1d52c0c8 .functor BUFZ 1, C4<z>; HiZ drive
v0000022e1d571350_0 .net "rst", 0 0, o0000022e1d52c0c8;  0 drivers
v0000022e1d5713f0_0 .var "state", 1 0;
v0000022e1d571490_0 .var "tx", 0 0;
o0000022e1d52c158 .functor BUFZ 8, C4<zzzzzzzz>; HiZ drive
v0000022e1d571530_0 .net "tx_data", 7 0, o0000022e1d52c158;  0 drivers
v0000022e1d5715d0_0 .var "uclk", 0 0;
E_0000022e1d5159f0 .event posedge, v0000022e1d5715d0_0;
E_0000022e1d5150b0 .event posedge, v0000022e1d4f3320_0;
    .scope S_0000022e1d4f2db0;
T_0 ;
    %pushi/vec4 0, 0, 32;
    %store/vec4 v0000022e1d571030_0, 0, 32;
    %pushi/vec4 0, 0, 32;
    %store/vec4 v0000022e1d5710d0_0, 0, 32;
    %pushi/vec4 0, 0, 1;
    %store/vec4 v0000022e1d5715d0_0, 0, 1;
    %pushi/vec4 0, 0, 2;
    %store/vec4 v0000022e1d5713f0_0, 0, 2;
    %end;
    .thread T_0;
    .scope S_0000022e1d4f2db0;
T_1 ;
    %wait E_0000022e1d5150b0;
    %load/vec4 v0000022e1d571030_0;
    %cmpi/s 1406, 0, 32;
    %jmp/0xz  T_1.0, 5;
    %load/vec4 v0000022e1d571030_0;
    %addi 1, 0, 32;
    %assign/vec4 v0000022e1d571030_0, 0;
    %jmp T_1.1;
T_1.0 ;
    %pushi/vec4 0, 0, 32;
    %assign/vec4 v0000022e1d571030_0, 0;
    %load/vec4 v0000022e1d5715d0_0;
    %inv;
    %assign/vec4 v0000022e1d5715d0_0, 0;
T_1.1 ;
    %jmp T_1;
    .thread T_1;
    .scope S_0000022e1d4f2db0;
T_2 ;
    %wait E_0000022e1d5159f0;
    %load/vec4 v0000022e1d571350_0;
    %flag_set/vec4 8;
    %jmp/0xz  T_2.0, 8;
    %pushi/vec4 0, 0, 2;
    %assign/vec4 v0000022e1d5713f0_0, 0;
    %jmp T_2.1;
T_2.0 ;
    %load/vec4 v0000022e1d5713f0_0;
    %dup/vec4;
    %pushi/vec4 0, 0, 2;
    %cmp/u;
    %jmp/1 T_2.2, 6;
    %dup/vec4;
    %pushi/vec4 2, 0, 2;
    %cmp/u;
    %jmp/1 T_2.3, 6;
    %pushi/vec4 0, 0, 2;
    %assign/vec4 v0000022e1d5713f0_0, 0;
    %jmp T_2.5;
T_2.2 ;
    %pushi/vec4 0, 0, 32;
    %assign/vec4 v0000022e1d5710d0_0, 0;
    %pushi/vec4 1, 0, 1;
    %assign/vec4 v0000022e1d571490_0, 0;
    %pushi/vec4 0, 0, 1;
    %assign/vec4 v0000022e1d571210_0, 0;
    %load/vec4 v0000022e1d5712b0_0;
    %flag_set/vec4 8;
    %jmp/0xz  T_2.6, 8;
    %pushi/vec4 2, 0, 2;
    %assign/vec4 v0000022e1d5713f0_0, 0;
    %load/vec4 v0000022e1d571530_0;
    %assign/vec4 v0000022e1d571170_0, 0;
    %pushi/vec4 0, 0, 1;
    %assign/vec4 v0000022e1d571490_0, 0;
    %jmp T_2.7;
T_2.6 ;
    %pushi/vec4 0, 0, 2;
    %assign/vec4 v0000022e1d5713f0_0, 0;
T_2.7 ;
    %jmp T_2.5;
T_2.3 ;
    %load/vec4 v0000022e1d5710d0_0;
    %cmpi/s 7, 0, 32;
    %flag_or 5, 4;
    %jmp/0xz  T_2.8, 5;
    %load/vec4 v0000022e1d5710d0_0;
    %addi 1, 0, 32;
    %assign/vec4 v0000022e1d5710d0_0, 0;
    %load/vec4 v0000022e1d571170_0;
    %load/vec4 v0000022e1d5710d0_0;
    %part/s 1;
    %assign/vec4 v0000022e1d571490_0, 0;
    %pushi/vec4 2, 0, 2;
    %assign/vec4 v0000022e1d5713f0_0, 0;
    %jmp T_2.9;
T_2.8 ;
    %pushi/vec4 0, 0, 32;
    %assign/vec4 v0000022e1d5710d0_0, 0;
    %pushi/vec4 1, 0, 1;
    %assign/vec4 v0000022e1d571490_0, 0;
    %pushi/vec4 0, 0, 2;
    %assign/vec4 v0000022e1d5713f0_0, 0;
    %pushi/vec4 1, 0, 1;
    %assign/vec4 v0000022e1d571210_0, 0;
T_2.9 ;
    %jmp T_2.5;
T_2.5 ;
    %pop/vec4 1;
T_2.1 ;
    %jmp T_2;
    .thread T_2;
# The file index is used to find the file name in the following table.
:file_names 3;
    "N/A";
    "<interactive>";
    "uart_tx.v";
