#! /c/Source/iverilog-install/bin/vvp
:ivl_version "12.0 (devel)" "(s20150603-1539-g2693dd32b)";
:ivl_delay_selection "TYPICAL";
:vpi_time_precision + 0;
:vpi_module "C:\iverilog\lib\ivl\system.vpi";
:vpi_module "C:\iverilog\lib\ivl\vhdl_sys.vpi";
:vpi_module "C:\iverilog\lib\ivl\vhdl_textio.vpi";
:vpi_module "C:\iverilog\lib\ivl\v2005_math.vpi";
:vpi_module "C:\iverilog\lib\ivl\va_math.vpi";
S_000002a63810be00 .scope module, "tb" "tb" 2 29;
 .timescale 0 0;
v000002a637f64480_0 .var "in", 3 0;
v000002a638106900_0 .net "out", 7 0, v000002a637f74180_0;  1 drivers
S_000002a637f64250 .scope module, "dut" "segment7" 2 33, 2 1 0, S_000002a63810be00;
 .timescale 0 0;
    .port_info 0 /INPUT 4 "in";
    .port_info 1 /OUTPUT 8 "out";
v000002a637f643e0_0 .net "in", 3 0, v000002a637f64480_0;  1 drivers
v000002a637f74180_0 .var "out", 7 0;
E_000002a638109b20 .event anyedge, v000002a637f643e0_0;
    .scope S_000002a637f64250;
T_0 ;
    %wait E_000002a638109b20;
    %load/vec4 v000002a637f643e0_0;
    %dup/vec4;
    %pushi/vec4 0, 0, 4;
    %cmp/u;
    %jmp/1 T_0.0, 6;
    %dup/vec4;
    %pushi/vec4 1, 0, 4;
    %cmp/u;
    %jmp/1 T_0.1, 6;
    %dup/vec4;
    %pushi/vec4 2, 0, 4;
    %cmp/u;
    %jmp/1 T_0.2, 6;
    %dup/vec4;
    %pushi/vec4 3, 0, 4;
    %cmp/u;
    %jmp/1 T_0.3, 6;
    %dup/vec4;
    %pushi/vec4 4, 0, 4;
    %cmp/u;
    %jmp/1 T_0.4, 6;
    %dup/vec4;
    %pushi/vec4 5, 0, 4;
    %cmp/u;
    %jmp/1 T_0.5, 6;
    %dup/vec4;
    %pushi/vec4 6, 0, 4;
    %cmp/u;
    %jmp/1 T_0.6, 6;
    %dup/vec4;
    %pushi/vec4 7, 0, 4;
    %cmp/u;
    %jmp/1 T_0.7, 6;
    %dup/vec4;
    %pushi/vec4 8, 0, 4;
    %cmp/u;
    %jmp/1 T_0.8, 6;
    %dup/vec4;
    %pushi/vec4 9, 0, 4;
    %cmp/u;
    %jmp/1 T_0.9, 6;
    %pushi/vec4 0, 0, 8;
    %store/vec4 v000002a637f74180_0, 0, 8;
    %jmp T_0.11;
T_0.0 ;
    %pushi/vec4 63, 0, 8;
    %store/vec4 v000002a637f74180_0, 0, 8;
    %jmp T_0.11;
T_0.1 ;
    %pushi/vec4 6, 0, 8;
    %store/vec4 v000002a637f74180_0, 0, 8;
    %jmp T_0.11;
T_0.2 ;
    %pushi/vec4 91, 0, 8;
    %store/vec4 v000002a637f74180_0, 0, 8;
    %jmp T_0.11;
T_0.3 ;
    %pushi/vec4 79, 0, 8;
    %store/vec4 v000002a637f74180_0, 0, 8;
    %jmp T_0.11;
T_0.4 ;
    %pushi/vec4 102, 0, 8;
    %store/vec4 v000002a637f74180_0, 0, 8;
    %jmp T_0.11;
T_0.5 ;
    %pushi/vec4 109, 0, 8;
    %store/vec4 v000002a637f74180_0, 0, 8;
    %jmp T_0.11;
T_0.6 ;
    %pushi/vec4 125, 0, 8;
    %store/vec4 v000002a637f74180_0, 0, 8;
    %jmp T_0.11;
T_0.7 ;
    %pushi/vec4 7, 0, 8;
    %store/vec4 v000002a637f74180_0, 0, 8;
    %jmp T_0.11;
T_0.8 ;
    %pushi/vec4 127, 0, 8;
    %store/vec4 v000002a637f74180_0, 0, 8;
    %jmp T_0.11;
T_0.9 ;
    %pushi/vec4 103, 0, 8;
    %store/vec4 v000002a637f74180_0, 0, 8;
    %jmp T_0.11;
T_0.11 ;
    %pop/vec4 1;
    %jmp T_0;
    .thread T_0, $push;
    .scope S_000002a63810be00;
T_1 ;
    %vpi_call 2 36 "$dumpvars", 32'sb00000000000000000000000000000000, S_000002a63810be00 {0 0 0};
    %vpi_call 2 37 "$dumpfile", "tets.vcd" {0 0 0};
    %pushi/vec4 20, 0, 32;
T_1.0 %dup/vec4;
    %pushi/vec4 0, 0, 32;
    %cmp/s;
    %jmp/1xz T_1.1, 5;
    %jmp/1 T_1.1, 4;
    %pushi/vec4 1, 0, 32;
    %sub;
    %vpi_func 2 39 "$random" 32 {0 0 0};
    %pushi/vec4 15, 0, 32;
    %mod;
    %pad/u 4;
    %store/vec4 v000002a637f64480_0, 0, 4;
    %delay 10, 0;
    %vpi_call 2 40 "$monitor", "time:%d in =%b out vale %h", $time, v000002a637f64480_0, v000002a638106900_0 {0 0 0};
    %jmp T_1.0;
T_1.1 ;
    %pop/vec4 1;
    %delay 10, 0;
    %vpi_call 2 43 "$finish" {0 0 0};
    %end;
    .thread T_1;
# The file index is used to find the file name in the following table.
:file_names 3;
    "N/A";
    "<interactive>";
    "main.v";
