#! /c/Source/iverilog-install/bin/vvp
:ivl_version "12.0 (devel)" "(s20150603-1539-g2693dd32b)";
:ivl_delay_selection "TYPICAL";
:vpi_time_precision - 12;
:vpi_module "C:\iverilog\lib\ivl\system.vpi";
:vpi_module "C:\iverilog\lib\ivl\vhdl_sys.vpi";
:vpi_module "C:\iverilog\lib\ivl\vhdl_textio.vpi";
:vpi_module "C:\iverilog\lib\ivl\v2005_math.vpi";
:vpi_module "C:\iverilog\lib\ivl\va_math.vpi";
S_0000015a5f967650 .scope module, "tb_baud_gen" "tb_baud_gen" 2 48;
 .timescale -9 -12;
P_0000015a5f933340 .param/l "Baud_Rate" 0 2 51, +C4<00000000000000011100001000000000>;
P_0000015a5f933378 .param/l "CLK_Freq" 0 2 50, +C4<00000001100110111111110011000000>;
v0000015a5fb0bb90_0 .net "baud_tick", 0 0, v0000015a5f932f30_0;  1 drivers
v0000015a5fb0bc30_0 .var "clk", 0 0;
v0000015a5fb0bcd0_0 .net "oversamples_16", 0 0, v0000015a5fb0ba50_0;  1 drivers
v0000015a5fb0bd70_0 .var "rst", 0 0;
S_0000015a5f9677e0 .scope module, "uut" "baud_gen" 2 63, 2 1 0, S_0000015a5f967650;
 .timescale 0 0;
    .port_info 0 /INPUT 1 "clk";
    .port_info 1 /INPUT 1 "rst";
    .port_info 2 /OUTPUT 1 "baud_tick";
    .port_info 3 /OUTPUT 1 "oversamples_16";
P_0000015a5f967970 .param/l "Baud_Rate" 0 2 3, +C4<00000000000000011100001000000000>;
P_0000015a5f9679a8 .param/l "CLK_Freq" 0 2 2, +C4<00000001100110111111110011000000>;
P_0000015a5f9679e0 .param/l "baud_index" 1 2 10, +C4<00000000000000000000000011101010>;
P_0000015a5f967a18 .param/l "over_index" 1 2 11, +C4<0000000000000000000000000000000000000000000000000000111010100110>;
v0000015a5f933170_0 .var "baud_cnt", 8 0;
v0000015a5f932f30_0 .var "baud_tick", 0 0;
v0000015a5fb0b910_0 .net "clk", 0 0, v0000015a5fb0bc30_0;  1 drivers
v0000015a5fb0b9b0_0 .var "oversample_cnt", 12 0;
v0000015a5fb0ba50_0 .var "oversamples_16", 0 0;
v0000015a5fb0baf0_0 .net "rst", 0 0, v0000015a5fb0bd70_0;  1 drivers
E_0000015a5f954ee0 .event posedge, v0000015a5fb0b910_0;
    .scope S_0000015a5f9677e0;
T_0 ;
    %pushi/vec4 0, 0, 9;
    %store/vec4 v0000015a5f933170_0, 0, 9;
    %pushi/vec4 0, 0, 13;
    %store/vec4 v0000015a5fb0b9b0_0, 0, 13;
    %end;
    .thread T_0;
    .scope S_0000015a5f9677e0;
T_1 ;
    %wait E_0000015a5f954ee0;
    %load/vec4 v0000015a5fb0baf0_0;
    %flag_set/vec4 8;
    %jmp/0xz  T_1.0, 8;
    %pushi/vec4 0, 0, 9;
    %assign/vec4 v0000015a5f933170_0, 0;
    %pushi/vec4 0, 0, 13;
    %assign/vec4 v0000015a5fb0b9b0_0, 0;
    %pushi/vec4 0, 0, 1;
    %assign/vec4 v0000015a5f932f30_0, 0;
    %pushi/vec4 0, 0, 1;
    %assign/vec4 v0000015a5fb0ba50_0, 0;
    %jmp T_1.1;
T_1.0 ;
    %load/vec4 v0000015a5f933170_0;
    %pad/u 32;
    %cmpi/e 234, 0, 32;
    %jmp/0xz  T_1.2, 4;
    %pushi/vec4 0, 0, 9;
    %assign/vec4 v0000015a5f933170_0, 0;
    %pushi/vec4 1, 0, 1;
    %assign/vec4 v0000015a5f932f30_0, 0;
    %jmp T_1.3;
T_1.2 ;
    %load/vec4 v0000015a5f933170_0;
    %addi 1, 0, 9;
    %assign/vec4 v0000015a5f933170_0, 0;
    %pushi/vec4 0, 0, 1;
    %assign/vec4 v0000015a5f932f30_0, 0;
T_1.3 ;
    %load/vec4 v0000015a5fb0b9b0_0;
    %pad/u 64;
    %cmpi/e 3750, 0, 64;
    %jmp/0xz  T_1.4, 4;
    %pushi/vec4 1, 0, 1;
    %assign/vec4 v0000015a5fb0ba50_0, 0;
    %pushi/vec4 0, 0, 13;
    %assign/vec4 v0000015a5fb0b9b0_0, 0;
    %jmp T_1.5;
T_1.4 ;
    %load/vec4 v0000015a5fb0b9b0_0;
    %addi 1, 0, 13;
    %assign/vec4 v0000015a5fb0b9b0_0, 0;
    %pushi/vec4 0, 0, 1;
    %assign/vec4 v0000015a5fb0ba50_0, 0;
T_1.5 ;
T_1.1 ;
    %jmp T_1;
    .thread T_1;
    .scope S_0000015a5f967650;
T_2 ;
    %pushi/vec4 0, 0, 1;
    %store/vec4 v0000015a5fb0bc30_0, 0, 1;
    %pushi/vec4 1, 0, 1;
    %store/vec4 v0000015a5fb0bd70_0, 0, 1;
    %end;
    .thread T_2;
    .scope S_0000015a5f967650;
T_3 ;
    %delay 18500, 0;
    %load/vec4 v0000015a5fb0bc30_0;
    %inv;
    %store/vec4 v0000015a5fb0bc30_0, 0, 1;
    %jmp T_3;
    .thread T_3;
    .scope S_0000015a5f967650;
T_4 ;
    %vpi_call 2 74 "$dumpfile", "baud.vcd" {0 0 0};
    %vpi_call 2 75 "$dumpvars", 32'sb00000000000000000000000000000000, S_0000015a5f967650 {0 0 0};
    %delay 100000, 0;
    %pushi/vec4 0, 0, 1;
    %store/vec4 v0000015a5fb0bd70_0, 0, 1;
    %delay 705032704, 1;
    %vpi_call 2 81 "$finish" {0 0 0};
    %end;
    .thread T_4;
# The file index is used to find the file name in the following table.
:file_names 3;
    "N/A";
    "<interactive>";
    "baud_gen.v";
