#! /c/Source/iverilog-install/bin/vvp
:ivl_version "12.0 (devel)" "(s20150603-1539-g2693dd32b)";
:ivl_delay_selection "TYPICAL";
:vpi_time_precision + 0;
:vpi_module "C:\iverilog\lib\ivl\system.vpi";
:vpi_module "C:\iverilog\lib\ivl\vhdl_sys.vpi";
:vpi_module "C:\iverilog\lib\ivl\vhdl_textio.vpi";
:vpi_module "C:\iverilog\lib\ivl\v2005_math.vpi";
:vpi_module "C:\iverilog\lib\ivl\va_math.vpi";
S_000001e600aca030 .scope module, "tb" "tb" 2 47;
 .timescale 0 0;
v000001e600ac3db0_0 .var "clk", 0 0;
v000001e600ac3e50_0 .var "data", 7 0;
v000001e600ac3ef0_0 .net "pwm", 0 0, L_000001e600c282f0;  1 drivers
v000001e600ac3f90_0 .var "rst", 0 0;
S_000001e600aca1c0 .scope module, "dut" "pwm" 2 53, 2 1 0, S_000001e600aca030;
 .timescale 0 0;
    .port_info 0 /INPUT 1 "clk";
    .port_info 1 /INPUT 1 "rst";
    .port_info 2 /INPUT 8 "data";
    .port_info 3 /OUTPUT 1 "pwm";
P_000001e600aca350 .param/l "bit_freq" 0 2 10, +C4<00000000000000000000000000000110>;
P_000001e600aca388 .param/l "clock" 0 2 5, +C4<00000000000000000000101010001100>;
P_000001e600aca3c0 .param/l "freq_factore" 0 2 9, +C4<00000000000000000000000000110110>;
P_000001e600aca3f8 .param/l "pulse_0" 0 2 7, +C4<00000000000000000000000100001110>;
P_000001e600aca430 .param/l "pulse_180" 0 2 8, +C4<00000000000000000000001000011100>;
P_000001e600aca468 .param/l "pwm_freq" 0 2 6, +C4<00000000000000000000000000110010>;
L_000001e600c282f0 .functor BUFZ 1, v000001e600ac3bd0_0, C4<0>, C4<0>, C4<0>;
v000001e600a93560_0 .net "clk", 0 0, v000001e600ac3db0_0;  1 drivers
v000001e600a930e0_0 .net "data", 7 0, v000001e600ac3e50_0;  1 drivers
v000001e600ab6030_0 .var "duty", 31 0;
v000001e600ac3a90_0 .var "duty_cnt", 31 0;
v000001e600ac3b30_0 .var "frec_fac_cnt", 5 0;
v000001e600ac3bd0_0 .var "pwd_st", 0 0;
v000001e600ac3c70_0 .net "pwm", 0 0, L_000001e600c282f0;  alias, 1 drivers
v000001e600ac3d10_0 .net "rst", 0 0, v000001e600ac3f90_0;  1 drivers
E_000001e600c2b6a0 .event anyedge, v000001e600a930e0_0;
E_000001e600c2ad20 .event posedge, v000001e600a93560_0;
    .scope S_000001e600aca1c0;
T_0 ;
    %pushi/vec4 0, 0, 6;
    %store/vec4 v000001e600ac3b30_0, 0, 6;
    %pushi/vec4 0, 0, 1;
    %store/vec4 v000001e600ac3bd0_0, 0, 1;
    %pushi/vec4 0, 0, 32;
    %store/vec4 v000001e600ab6030_0, 0, 32;
    %pushi/vec4 0, 0, 32;
    %store/vec4 v000001e600ac3a90_0, 0, 32;
    %end;
    .thread T_0;
    .scope S_000001e600aca1c0;
T_1 ;
    %wait E_000001e600c2ad20;
    %load/vec4 v000001e600ac3d10_0;
    %flag_set/vec4 8;
    %jmp/0xz  T_1.0, 8;
    %pushi/vec4 1, 0, 1;
    %assign/vec4 v000001e600ac3bd0_0, 0;
    %pushi/vec4 0, 0, 6;
    %assign/vec4 v000001e600ac3b30_0, 0;
    %jmp T_1.1;
T_1.0 ;
    %load/vec4 v000001e600ac3b30_0;
    %pad/u 32;
    %cmpi/e 54, 0, 32;
    %jmp/0xz  T_1.2, 4;
    %pushi/vec4 0, 0, 6;
    %assign/vec4 v000001e600ac3b30_0, 0;
    %pushi/vec4 0, 0, 32;
    %assign/vec4 v000001e600ac3a90_0, 0;
    %jmp T_1.3;
T_1.2 ;
    %load/vec4 v000001e600ac3b30_0;
    %addi 1, 0, 6;
    %assign/vec4 v000001e600ac3b30_0, 0;
    %load/vec4 v000001e600ac3a90_0;
    %load/vec4 v000001e600ab6030_0;
    %cmp/u;
    %jmp/0xz  T_1.4, 5;
    %pushi/vec4 1, 0, 1;
    %assign/vec4 v000001e600ac3bd0_0, 0;
    %load/vec4 v000001e600ac3a90_0;
    %addi 1, 0, 32;
    %assign/vec4 v000001e600ac3a90_0, 0;
    %jmp T_1.5;
T_1.4 ;
    %pushi/vec4 0, 0, 1;
    %assign/vec4 v000001e600ac3bd0_0, 0;
T_1.5 ;
T_1.3 ;
T_1.1 ;
    %jmp T_1;
    .thread T_1;
    .scope S_000001e600aca1c0;
T_2 ;
    %wait E_000001e600c2b6a0;
    %pushi/vec4 270, 0, 32;
    %pushi/vec4 4294967026, 0, 32;
    %load/vec4 v000001e600a930e0_0;
    %pad/u 32;
    %mul;
    %pushi/vec4 255, 0, 32;
    %div;
    %add;
    %store/vec4 v000001e600ab6030_0, 0, 32;
    %jmp T_2;
    .thread T_2, $push;
    .scope S_000001e600aca030;
T_3 ;
    %pushi/vec4 32, 0, 8;
    %store/vec4 v000001e600ac3e50_0, 0, 8;
    %pushi/vec4 0, 0, 1;
    %store/vec4 v000001e600ac3db0_0, 0, 1;
    %end;
    .thread T_3;
    .scope S_000001e600aca030;
T_4 ;
    %delay 5, 0;
    %load/vec4 v000001e600ac3db0_0;
    %inv;
    %store/vec4 v000001e600ac3db0_0, 0, 1;
    %jmp T_4;
    .thread T_4;
    .scope S_000001e600aca030;
T_5 ;
    %vpi_call 2 57 "$dumpvars", 32'sb00000000000000000000000000000000, S_000001e600aca030 {0 0 0};
    %vpi_call 2 58 "$dumpfile", "pwm.vcd" {0 0 0};
    %delay 5, 0;
    %pushi/vec4 1, 0, 1;
    %store/vec4 v000001e600ac3f90_0, 0, 1;
    %delay 5, 0;
    %pushi/vec4 0, 0, 1;
    %store/vec4 v000001e600ac3f90_0, 0, 1;
    %delay 1000000, 0;
    %vpi_call 2 63 "$finish" {0 0 0};
    %end;
    .thread T_5;
# The file index is used to find the file name in the following table.
:file_names 3;
    "N/A";
    "<interactive>";
    "pwm.v";
