#! /c/Source/iverilog-install/bin/vvp
:ivl_version "12.0 (devel)" "(s20150603-1539-g2693dd32b)";
:ivl_delay_selection "TYPICAL";
:vpi_time_precision + 0;
:vpi_module "C:\iverilog\lib\ivl\system.vpi";
:vpi_module "C:\iverilog\lib\ivl\vhdl_sys.vpi";
:vpi_module "C:\iverilog\lib\ivl\vhdl_textio.vpi";
:vpi_module "C:\iverilog\lib\ivl\v2005_math.vpi";
:vpi_module "C:\iverilog\lib\ivl\va_math.vpi";
S_000001d0eaef2840 .scope module, "Debounce" "Debounce" 2 1;
 .timescale 0 0;
    .port_info 0 /INPUT 1 "clk";
    .port_info 1 /INPUT 1 "btn";
    .port_info 2 /OUTPUT 1 "transmit";
o000001d0eaf26fa8 .functor BUFZ 1, C4<z>; HiZ drive
v000001d0eaef2fd0_0 .net "btn", 0 0, o000001d0eaf26fa8;  0 drivers
o000001d0eaf26fd8 .functor BUFZ 1, C4<z>; HiZ drive
v000001d0eaef29d0_0 .net "clk", 0 0, o000001d0eaf26fd8;  0 drivers
v000001d0eaef2a70_0 .var "de_counter", 18 0;
v000001d0eaef2b10_0 .var "sync_reg", 0 0;
v000001d0eb02dec0_0 .var "transmit", 0 0;
E_000001d0eb028cd0 .event posedge, v000001d0eaef29d0_0;
    .scope S_000001d0eaef2840;
T_0 ;
    %wait E_000001d0eb028cd0;
    %load/vec4 v000001d0eaef2fd0_0;
    %load/vec4 v000001d0eaef2b10_0;
    %cmp/ne;
    %jmp/0xz  T_0.0, 4;
    %pushi/vec4 0, 0, 19;
    %assign/vec4 v000001d0eaef2a70_0, 0;
    %load/vec4 v000001d0eaef2fd0_0;
    %assign/vec4 v000001d0eaef2b10_0, 0;
    %jmp T_0.1;
T_0.0 ;
    %load/vec4 v000001d0eaef2a70_0;
    %cmpi/u 500500, 0, 19;
    %jmp/0xz  T_0.2, 5;
    %load/vec4 v000001d0eaef2a70_0;
    %addi 1, 0, 19;
    %assign/vec4 v000001d0eaef2a70_0, 0;
    %jmp T_0.3;
T_0.2 ;
    %load/vec4 v000001d0eaef2b10_0;
    %assign/vec4 v000001d0eb02dec0_0, 0;
T_0.3 ;
T_0.1 ;
    %jmp T_0;
    .thread T_0;
# The file index is used to find the file name in the following table.
:file_names 3;
    "N/A";
    "<interactive>";
    "debounce.v";
