#! /c/Source/iverilog-install/bin/vvp
:ivl_version "12.0 (devel)" "(s20150603-1539-g2693dd32b)";
:ivl_delay_selection "TYPICAL";
:vpi_time_precision + 0;
:vpi_module "C:\iverilog\lib\ivl\system.vpi";
:vpi_module "C:\iverilog\lib\ivl\vhdl_sys.vpi";
:vpi_module "C:\iverilog\lib\ivl\vhdl_textio.vpi";
:vpi_module "C:\iverilog\lib\ivl\v2005_math.vpi";
:vpi_module "C:\iverilog\lib\ivl\va_math.vpi";
S_0000026d3d072880 .scope module, "tb" "tb" 2 1;
 .timescale 0 0;
v0000026d3d05e810_0 .var/i "a", 31 0;
v0000026d3d05ef10_0 .var/i "b", 31 0;
v0000026d3d072a10_0 .var/i "c", 31 0;
v0000026d3d072ab0_0 .var/i "fd", 31 0;
v0000026d3d072b50_0 .var/i "i", 31 0;
    .scope S_0000026d3d072880;
T_0 ;
    %vpi_func 2 6 "$fopen" 32, "output.txt", "w" {0 0 0};
    %store/vec4 v0000026d3d072ab0_0, 0, 32;
    %pushi/vec4 0, 0, 32;
    %store/vec4 v0000026d3d072b50_0, 0, 32;
T_0.0 ;
    %load/vec4 v0000026d3d072b50_0;
    %cmpi/s 10, 0, 32;
    %jmp/0xz T_0.1, 5;
    %load/vec4 v0000026d3d072b50_0;
    %muli 3, 0, 32;
    %store/vec4 v0000026d3d05e810_0, 0, 32;
    %load/vec4 v0000026d3d072b50_0;
    %muli 2, 0, 32;
    %store/vec4 v0000026d3d05ef10_0, 0, 32;
    %load/vec4 v0000026d3d072b50_0;
    %muli 4, 0, 32;
    %store/vec4 v0000026d3d072a10_0, 0, 32;
    %vpi_call 2 12 "$fdisplay", v0000026d3d072ab0_0, "%0d %0d %0d %0d ", v0000026d3d072b50_0, v0000026d3d05e810_0, v0000026d3d05ef10_0, v0000026d3d072a10_0 {0 0 0};
    %load/vec4 v0000026d3d072b50_0;
    %addi 1, 0, 32;
    %store/vec4 v0000026d3d072b50_0, 0, 32;
    %jmp T_0.0;
T_0.1 ;
    %vpi_call 2 15 "$fclose", v0000026d3d072ab0_0 {0 0 0};
    %end;
    .thread T_0;
# The file index is used to find the file name in the following table.
:file_names 3;
    "N/A";
    "<interactive>";
    "fwrite.v";
