#! /c/Source/iverilog-install/bin/vvp
:ivl_version "12.0 (devel)" "(s20150603-1539-g2693dd32b)";
:ivl_delay_selection "TYPICAL";
:vpi_time_precision + 0;
:vpi_module "C:\iverilog\lib\ivl\system.vpi";
:vpi_module "C:\iverilog\lib\ivl\vhdl_sys.vpi";
:vpi_module "C:\iverilog\lib\ivl\vhdl_textio.vpi";
:vpi_module "C:\iverilog\lib\ivl\v2005_math.vpi";
:vpi_module "C:\iverilog\lib\ivl\va_math.vpi";
S_000001e4e0be2840 .scope module, "Transmitter" "Transmitter" 2 1;
 .timescale 0 0;
    .port_info 0 /INPUT 1 "clk";
    .port_info 1 /INPUT 8 "data";
    .port_info 2 /INPUT 1 "tranmit";
    .port_info 3 /INPUT 1 "reset";
    .port_info 4 /OUTPUT 1 "TxD";
v000001e4e0bca970_0 .var "TxD", 0 0;
v000001e4e0be2db0_0 .var "baud_counter", 12 0;
v000001e4e0bcbed0_0 .var "bit_counter", 3 0;
v000001e4e0be29d0_0 .var "clear", 0 0;
o000001e4e0c1d098 .functor BUFZ 1, C4<z>; HiZ drive
v000001e4e0be2a70_0 .net "clk", 0 0, o000001e4e0c1d098;  0 drivers
o000001e4e0c1d0c8 .functor BUFZ 8, C4<zzzzzzzz>; HiZ drive
v000001e4e0be2b10_0 .net "data", 7 0, o000001e4e0c1d0c8;  0 drivers
v000001e4e0c5f840_0 .var "load", 0 0;
v000001e4e0c5f8e0_0 .var "next_state", 0 0;
o000001e4e0c1d158 .functor BUFZ 1, C4<z>; HiZ drive
v000001e4e0c5f980_0 .net "reset", 0 0, o000001e4e0c1d158;  0 drivers
v000001e4e0c5fa20_0 .var "shift", 0 0;
v000001e4e0c5fac0_0 .var "shiftRight_register", 9 0;
v000001e4e0c5fb60_0 .var "state", 0 0;
o000001e4e0c1d218 .functor BUFZ 1, C4<z>; HiZ drive
v000001e4e0c5fc00_0 .net "tranmit", 0 0, o000001e4e0c1d218;  0 drivers
E_000001e4e0bcaae0 .event posedge, v000001e4e0be2a70_0;
    .scope S_000001e4e0be2840;
T_0 ;
    %wait E_000001e4e0bcaae0;
    %load/vec4 v000001e4e0c5f980_0;
    %flag_set/vec4 8;
    %jmp/0xz  T_0.0, 8;
    %pushi/vec4 0, 0, 1;
    %assign/vec4 v000001e4e0c5fb60_0, 0;
    %pushi/vec4 0, 0, 4;
    %assign/vec4 v000001e4e0bcbed0_0, 0;
    %pushi/vec4 0, 0, 13;
    %assign/vec4 v000001e4e0be2db0_0, 0;
    %jmp T_0.1;
T_0.0 ;
    %load/vec4 v000001e4e0be2db0_0;
    %addi 1, 0, 13;
    %assign/vec4 v000001e4e0be2db0_0, 0;
    %load/vec4 v000001e4e0be2db0_0;
    %pad/u 32;
    %cmpi/e 2604, 0, 32;
    %jmp/0xz  T_0.2, 4;
    %load/vec4 v000001e4e0c5f8e0_0;
    %assign/vec4 v000001e4e0c5fb60_0, 0;
    %pushi/vec4 0, 0, 13;
    %assign/vec4 v000001e4e0be2db0_0, 0;
    %load/vec4 v000001e4e0c5f840_0;
    %flag_set/vec4 8;
    %jmp/0xz  T_0.4, 8;
    %pushi/vec4 1, 0, 1;
    %load/vec4 v000001e4e0be2b10_0;
    %concat/vec4; draw_concat_vec4
    %concati/vec4 0, 0, 1;
    %assign/vec4 v000001e4e0c5fac0_0, 0;
    %load/vec4 v000001e4e0be29d0_0;
    %flag_set/vec4 8;
    %jmp/0xz  T_0.6, 8;
    %pushi/vec4 0, 0, 4;
    %assign/vec4 v000001e4e0bcbed0_0, 0;
T_0.6 ;
    %load/vec4 v000001e4e0c5fa20_0;
    %flag_set/vec4 8;
    %jmp/0xz  T_0.8, 8;
    %load/vec4 v000001e4e0c5fac0_0;
    %ix/load 4, 1, 0;
    %flag_set/imm 4, 0;
    %shiftr 4;
    %assign/vec4 v000001e4e0c5fac0_0, 0;
T_0.8 ;
    %load/vec4 v000001e4e0bcbed0_0;
    %addi 1, 0, 4;
    %assign/vec4 v000001e4e0bcbed0_0, 0;
T_0.4 ;
T_0.2 ;
T_0.1 ;
    %jmp T_0;
    .thread T_0;
    .scope S_000001e4e0be2840;
T_1 ;
    %wait E_000001e4e0bcaae0;
    %pushi/vec4 0, 0, 1;
    %assign/vec4 v000001e4e0c5f840_0, 0;
    %pushi/vec4 0, 0, 1;
    %assign/vec4 v000001e4e0c5fa20_0, 0;
    %pushi/vec4 0, 0, 1;
    %assign/vec4 v000001e4e0be29d0_0, 0;
    %pushi/vec4 1, 0, 1;
    %assign/vec4 v000001e4e0bca970_0, 0;
    %load/vec4 v000001e4e0c5fb60_0;
    %dup/vec4;
    %pushi/vec4 0, 0, 1;
    %cmp/u;
    %jmp/1 T_1.0, 6;
    %dup/vec4;
    %pushi/vec4 1, 0, 1;
    %cmp/u;
    %jmp/1 T_1.1, 6;
    %pushi/vec4 0, 0, 1;
    %assign/vec4 v000001e4e0c5f8e0_0, 0;
    %jmp T_1.3;
T_1.0 ;
    %load/vec4 v000001e4e0c5fc00_0;
    %flag_set/vec4 8;
    %jmp/0xz  T_1.4, 8;
    %pushi/vec4 1, 0, 1;
    %assign/vec4 v000001e4e0c5f8e0_0, 0;
    %pushi/vec4 1, 0, 1;
    %assign/vec4 v000001e4e0c5f840_0, 0;
    %pushi/vec4 0, 0, 1;
    %assign/vec4 v000001e4e0c5fa20_0, 0;
    %pushi/vec4 0, 0, 1;
    %assign/vec4 v000001e4e0be29d0_0, 0;
    %jmp T_1.5;
T_1.4 ;
    %pushi/vec4 0, 0, 1;
    %assign/vec4 v000001e4e0c5f8e0_0, 0;
    %pushi/vec4 1, 0, 1;
    %assign/vec4 v000001e4e0bca970_0, 0;
T_1.5 ;
    %jmp T_1.3;
T_1.1 ;
    %load/vec4 v000001e4e0bcbed0_0;
    %pad/u 32;
    %cmpi/e 10, 0, 32;
    %jmp/0xz  T_1.6, 4;
    %pushi/vec4 0, 0, 1;
    %assign/vec4 v000001e4e0c5f8e0_0, 0;
    %pushi/vec4 0, 0, 1;
    %assign/vec4 v000001e4e0be29d0_0, 0;
    %jmp T_1.7;
T_1.6 ;
    %pushi/vec4 0, 0, 1;
    %assign/vec4 v000001e4e0c5f8e0_0, 0;
    %pushi/vec4 1, 0, 1;
    %assign/vec4 v000001e4e0bca970_0, 0;
T_1.7 ;
    %jmp T_1.3;
T_1.3 ;
    %pop/vec4 1;
    %jmp T_1;
    .thread T_1;
# The file index is used to find the file name in the following table.
:file_names 3;
    "N/A";
    "<interactive>";
    "transmitter.v";
