#! /c/Source/iverilog-install/bin/vvp
:ivl_version "12.0 (devel)" "(s20150603-1539-g2693dd32b)";
:ivl_delay_selection "TYPICAL";
:vpi_time_precision + 0;
:vpi_module "C:\iverilog\lib\ivl\system.vpi";
:vpi_module "C:\iverilog\lib\ivl\vhdl_sys.vpi";
:vpi_module "C:\iverilog\lib\ivl\vhdl_textio.vpi";
:vpi_module "C:\iverilog\lib\ivl\v2005_math.vpi";
:vpi_module "C:\iverilog\lib\ivl\va_math.vpi";
S_0000029e1c59bd00 .scope module, "top_uart" "top_uart" 2 4;
 .timescale 0 0;
    .port_info 0 /INPUT 1 "clk";
    .port_info 1 /INPUT 1 "btn";
    .port_info 2 /INPUT 1 "reset";
    .port_info 3 /OUTPUT 1 "TXD";
L_0000029e1c5eb6d0 .functor NOT 1, v0000029e1c5e27a0_0, C4<0>, C4<0>, C4<0>;
L_0000029e1c5e3160 .functor AND 1, v0000029e1c5eedc0_0, L_0000029e1c5eb6d0, C4<1>, C4<1>;
v0000029e1c5e2700_0 .net "TXD", 0 0, v0000029e1c5eeff0_0;  1 drivers
v0000029e1c5e2160_0 .net *"_ivl_0", 0 0, L_0000029e1c5eb6d0;  1 drivers
o0000029e1c5fef78 .functor BUFZ 1, C4<z>; HiZ drive
v0000029e1c5e2660_0 .net "btn", 0 0, o0000029e1c5fef78;  0 drivers
v0000029e1c5e1f80_0 .net "btn_db", 0 0, v0000029e1c5eedc0_0;  1 drivers
v0000029e1c5e27a0_0 .var "btn_db_d", 0 0;
v0000029e1c5e2200_0 .net "btn_pulse", 0 0, L_0000029e1c5e3160;  1 drivers
o0000029e1c5fefa8 .functor BUFZ 1, C4<z>; HiZ drive
v0000029e1c5e1b20_0 .net "clk", 0 0, o0000029e1c5fefa8;  0 drivers
v0000029e1c5e2020_0 .var "data", 7 0;
o0000029e1c5ff248 .functor BUFZ 1, C4<z>; HiZ drive
v0000029e1c5e20c0_0 .net "reset", 0 0, o0000029e1c5ff248;  0 drivers
v0000029e1c5e2480_0 .var "state", 3 0;
v0000029e1c5e2840_0 .var "transmit", 0 0;
S_0000029e1c5eec30 .scope module, "d1" "Debounce" 2 21, 3 1 0, S_0000029e1c59bd00;
 .timescale 0 0;
    .port_info 0 /INPUT 1 "clk";
    .port_info 1 /INPUT 1 "btn";
    .port_info 2 /OUTPUT 1 "transmit";
v0000029e1c5b2df0_0 .net "btn", 0 0, o0000029e1c5fef78;  alias, 0 drivers
v0000029e1c59bb60_0 .net "clk", 0 0, o0000029e1c5fefa8;  alias, 0 drivers
v0000029e1c59be90_0 .var "de_counter", 18 0;
v0000029e1c59bf30_0 .var "sync_reg", 0 0;
v0000029e1c5eedc0_0 .var "transmit", 0 0;
E_0000029e1c5d61f0 .event posedge, v0000029e1c59bb60_0;
S_0000029e1c5eee60 .scope module, "t1" "Transmitter" 2 39, 4 1 0, S_0000029e1c59bd00;
 .timescale 0 0;
    .port_info 0 /INPUT 1 "clk";
    .port_info 1 /INPUT 8 "data";
    .port_info 2 /INPUT 1 "tranmit";
    .port_info 3 /INPUT 1 "reset";
    .port_info 4 /OUTPUT 1 "TxD";
v0000029e1c5eeff0_0 .var "TxD", 0 0;
v0000029e1c5b2770_0 .var "baud_counter", 12 0;
v0000029e1c5b2810_0 .var "bit_counter", 3 0;
v0000029e1c5b28b0_0 .var "clear", 0 0;
v0000029e1c5b2950_0 .net "clk", 0 0, o0000029e1c5fefa8;  alias, 0 drivers
v0000029e1c5b29f0_0 .net "data", 7 0, v0000029e1c5e2020_0;  1 drivers
v0000029e1c5b2a90_0 .var "load", 0 0;
v0000029e1c5b2b30_0 .var "next_state", 0 0;
v0000029e1c5e18f0_0 .net "reset", 0 0, o0000029e1c5ff248;  alias, 0 drivers
v0000029e1c5e1ee0_0 .var "shift", 0 0;
v0000029e1c5e1a80_0 .var "shiftRight_register", 9 0;
v0000029e1c5e2520_0 .var "state", 0 0;
v0000029e1c5e25c0_0 .net "tranmit", 0 0, v0000029e1c5e2840_0;  1 drivers
    .scope S_0000029e1c5eec30;
T_0 ;
    %wait E_0000029e1c5d61f0;
    %load/vec4 v0000029e1c5b2df0_0;
    %load/vec4 v0000029e1c59bf30_0;
    %cmp/ne;
    %jmp/0xz  T_0.0, 4;
    %pushi/vec4 0, 0, 19;
    %assign/vec4 v0000029e1c59be90_0, 0;
    %load/vec4 v0000029e1c5b2df0_0;
    %assign/vec4 v0000029e1c59bf30_0, 0;
    %jmp T_0.1;
T_0.0 ;
    %load/vec4 v0000029e1c59be90_0;
    %cmpi/u 500500, 0, 19;
    %jmp/0xz  T_0.2, 5;
    %load/vec4 v0000029e1c59be90_0;
    %addi 1, 0, 19;
    %assign/vec4 v0000029e1c59be90_0, 0;
    %jmp T_0.3;
T_0.2 ;
    %load/vec4 v0000029e1c59bf30_0;
    %assign/vec4 v0000029e1c5eedc0_0, 0;
T_0.3 ;
T_0.1 ;
    %jmp T_0;
    .thread T_0;
    .scope S_0000029e1c5eee60;
T_1 ;
    %wait E_0000029e1c5d61f0;
    %load/vec4 v0000029e1c5e18f0_0;
    %flag_set/vec4 8;
    %jmp/0xz  T_1.0, 8;
    %pushi/vec4 0, 0, 1;
    %assign/vec4 v0000029e1c5e2520_0, 0;
    %pushi/vec4 0, 0, 4;
    %assign/vec4 v0000029e1c5b2810_0, 0;
    %pushi/vec4 0, 0, 13;
    %assign/vec4 v0000029e1c5b2770_0, 0;
    %jmp T_1.1;
T_1.0 ;
    %load/vec4 v0000029e1c5b2770_0;
    %addi 1, 0, 13;
    %assign/vec4 v0000029e1c5b2770_0, 0;
    %load/vec4 v0000029e1c5b2770_0;
    %pad/u 32;
    %cmpi/e 2604, 0, 32;
    %jmp/0xz  T_1.2, 4;
    %load/vec4 v0000029e1c5b2b30_0;
    %assign/vec4 v0000029e1c5e2520_0, 0;
    %pushi/vec4 0, 0, 13;
    %assign/vec4 v0000029e1c5b2770_0, 0;
    %load/vec4 v0000029e1c5b2a90_0;
    %flag_set/vec4 8;
    %jmp/0xz  T_1.4, 8;
    %pushi/vec4 1, 0, 1;
    %load/vec4 v0000029e1c5b29f0_0;
    %concat/vec4; draw_concat_vec4
    %concati/vec4 0, 0, 1;
    %assign/vec4 v0000029e1c5e1a80_0, 0;
    %load/vec4 v0000029e1c5b28b0_0;
    %flag_set/vec4 8;
    %jmp/0xz  T_1.6, 8;
    %pushi/vec4 0, 0, 4;
    %assign/vec4 v0000029e1c5b2810_0, 0;
T_1.6 ;
    %load/vec4 v0000029e1c5e1ee0_0;
    %flag_set/vec4 8;
    %jmp/0xz  T_1.8, 8;
    %load/vec4 v0000029e1c5e1a80_0;
    %ix/load 4, 1, 0;
    %flag_set/imm 4, 0;
    %shiftr 4;
    %assign/vec4 v0000029e1c5e1a80_0, 0;
T_1.8 ;
    %load/vec4 v0000029e1c5b2810_0;
    %addi 1, 0, 4;
    %assign/vec4 v0000029e1c5b2810_0, 0;
T_1.4 ;
T_1.2 ;
T_1.1 ;
    %jmp T_1;
    .thread T_1;
    .scope S_0000029e1c5eee60;
T_2 ;
    %wait E_0000029e1c5d61f0;
    %pushi/vec4 0, 0, 1;
    %assign/vec4 v0000029e1c5b2a90_0, 0;
    %pushi/vec4 0, 0, 1;
    %assign/vec4 v0000029e1c5e1ee0_0, 0;
    %pushi/vec4 0, 0, 1;
    %assign/vec4 v0000029e1c5b28b0_0, 0;
    %pushi/vec4 1, 0, 1;
    %assign/vec4 v0000029e1c5eeff0_0, 0;
    %load/vec4 v0000029e1c5e2520_0;
    %dup/vec4;
    %pushi/vec4 0, 0, 1;
    %cmp/u;
    %jmp/1 T_2.0, 6;
    %dup/vec4;
    %pushi/vec4 1, 0, 1;
    %cmp/u;
    %jmp/1 T_2.1, 6;
    %pushi/vec4 0, 0, 1;
    %assign/vec4 v0000029e1c5b2b30_0, 0;
    %jmp T_2.3;
T_2.0 ;
    %load/vec4 v0000029e1c5e25c0_0;
    %flag_set/vec4 8;
    %jmp/0xz  T_2.4, 8;
    %pushi/vec4 1, 0, 1;
    %assign/vec4 v0000029e1c5b2b30_0, 0;
    %pushi/vec4 1, 0, 1;
    %assign/vec4 v0000029e1c5b2a90_0, 0;
    %pushi/vec4 0, 0, 1;
    %assign/vec4 v0000029e1c5e1ee0_0, 0;
    %pushi/vec4 0, 0, 1;
    %assign/vec4 v0000029e1c5b28b0_0, 0;
    %jmp T_2.5;
T_2.4 ;
    %pushi/vec4 0, 0, 1;
    %assign/vec4 v0000029e1c5b2b30_0, 0;
    %pushi/vec4 1, 0, 1;
    %assign/vec4 v0000029e1c5eeff0_0, 0;
T_2.5 ;
    %jmp T_2.3;
T_2.1 ;
    %load/vec4 v0000029e1c5b2810_0;
    %pad/u 32;
    %cmpi/e 10, 0, 32;
    %jmp/0xz  T_2.6, 4;
    %pushi/vec4 0, 0, 1;
    %assign/vec4 v0000029e1c5b2b30_0, 0;
    %pushi/vec4 0, 0, 1;
    %assign/vec4 v0000029e1c5b28b0_0, 0;
    %jmp T_2.7;
T_2.6 ;
    %pushi/vec4 0, 0, 1;
    %assign/vec4 v0000029e1c5b2b30_0, 0;
    %pushi/vec4 1, 0, 1;
    %assign/vec4 v0000029e1c5eeff0_0, 0;
T_2.7 ;
    %jmp T_2.3;
T_2.3 ;
    %pop/vec4 1;
    %jmp T_2;
    .thread T_2;
    .scope S_0000029e1c59bd00;
T_3 ;
    %wait E_0000029e1c5d61f0;
    %load/vec4 v0000029e1c5e1f80_0;
    %assign/vec4 v0000029e1c5e27a0_0, 0;
    %jmp T_3;
    .thread T_3;
    .scope S_0000029e1c59bd00;
T_4 ;
    %wait E_0000029e1c5d61f0;
    %pushi/vec4 0, 0, 1;
    %assign/vec4 v0000029e1c5e2840_0, 0;
    %load/vec4 v0000029e1c5e2480_0;
    %dup/vec4;
    %pushi/vec4 0, 0, 4;
    %cmp/u;
    %jmp/1 T_4.0, 6;
    %dup/vec4;
    %pushi/vec4 1, 0, 4;
    %cmp/u;
    %jmp/1 T_4.1, 6;
    %dup/vec4;
    %pushi/vec4 2, 0, 4;
    %cmp/u;
    %jmp/1 T_4.2, 6;
    %dup/vec4;
    %pushi/vec4 3, 0, 4;
    %cmp/u;
    %jmp/1 T_4.3, 6;
    %dup/vec4;
    %pushi/vec4 4, 0, 4;
    %cmp/u;
    %jmp/1 T_4.4, 6;
    %dup/vec4;
    %pushi/vec4 5, 0, 4;
    %cmp/u;
    %jmp/1 T_4.5, 6;
    %dup/vec4;
    %pushi/vec4 6, 0, 4;
    %cmp/u;
    %jmp/1 T_4.6, 6;
    %dup/vec4;
    %pushi/vec4 7, 0, 4;
    %cmp/u;
    %jmp/1 T_4.7, 6;
    %dup/vec4;
    %pushi/vec4 8, 0, 4;
    %cmp/u;
    %jmp/1 T_4.8, 6;
    %dup/vec4;
    %pushi/vec4 9, 0, 4;
    %cmp/u;
    %jmp/1 T_4.9, 6;
    %dup/vec4;
    %pushi/vec4 10, 0, 4;
    %cmp/u;
    %jmp/1 T_4.10, 6;
    %pushi/vec4 0, 0, 4;
    %assign/vec4 v0000029e1c5e2480_0, 0;
    %jmp T_4.12;
T_4.0 ;
    %load/vec4 v0000029e1c5e2200_0;
    %flag_set/vec4 8;
    %jmp/0xz  T_4.13, 8;
    %pushi/vec4 72, 0, 8; draw_string_vec4
    %assign/vec4 v0000029e1c5e2020_0, 0;
    %pushi/vec4 1, 0, 4;
    %assign/vec4 v0000029e1c5e2480_0, 0;
    %pushi/vec4 1, 0, 1;
    %assign/vec4 v0000029e1c5e2840_0, 0;
T_4.13 ;
    %jmp T_4.12;
T_4.1 ;
    %pushi/vec4 101, 0, 8; draw_string_vec4
    %assign/vec4 v0000029e1c5e2020_0, 0;
    %pushi/vec4 2, 0, 4;
    %assign/vec4 v0000029e1c5e2480_0, 0;
    %pushi/vec4 1, 0, 1;
    %assign/vec4 v0000029e1c5e2840_0, 0;
    %jmp T_4.12;
T_4.2 ;
    %pushi/vec4 108, 0, 8; draw_string_vec4
    %assign/vec4 v0000029e1c5e2020_0, 0;
    %pushi/vec4 3, 0, 4;
    %assign/vec4 v0000029e1c5e2480_0, 0;
    %pushi/vec4 1, 0, 1;
    %assign/vec4 v0000029e1c5e2840_0, 0;
    %jmp T_4.12;
T_4.3 ;
    %pushi/vec4 108, 0, 8; draw_string_vec4
    %assign/vec4 v0000029e1c5e2020_0, 0;
    %pushi/vec4 4, 0, 4;
    %assign/vec4 v0000029e1c5e2480_0, 0;
    %pushi/vec4 1, 0, 1;
    %assign/vec4 v0000029e1c5e2840_0, 0;
    %jmp T_4.12;
T_4.4 ;
    %pushi/vec4 111, 0, 8; draw_string_vec4
    %assign/vec4 v0000029e1c5e2020_0, 0;
    %pushi/vec4 5, 0, 4;
    %assign/vec4 v0000029e1c5e2480_0, 0;
    %pushi/vec4 1, 0, 1;
    %assign/vec4 v0000029e1c5e2840_0, 0;
    %jmp T_4.12;
T_4.5 ;
    %pushi/vec4 32, 0, 8; draw_string_vec4
    %assign/vec4 v0000029e1c5e2020_0, 0;
    %pushi/vec4 6, 0, 4;
    %assign/vec4 v0000029e1c5e2480_0, 0;
    %pushi/vec4 1, 0, 1;
    %assign/vec4 v0000029e1c5e2840_0, 0;
    %jmp T_4.12;
T_4.6 ;
    %pushi/vec4 119, 0, 8; draw_string_vec4
    %assign/vec4 v0000029e1c5e2020_0, 0;
    %pushi/vec4 7, 0, 4;
    %assign/vec4 v0000029e1c5e2480_0, 0;
    %pushi/vec4 1, 0, 1;
    %assign/vec4 v0000029e1c5e2840_0, 0;
    %jmp T_4.12;
T_4.7 ;
    %pushi/vec4 111, 0, 8; draw_string_vec4
    %assign/vec4 v0000029e1c5e2020_0, 0;
    %pushi/vec4 8, 0, 4;
    %assign/vec4 v0000029e1c5e2480_0, 0;
    %pushi/vec4 1, 0, 1;
    %assign/vec4 v0000029e1c5e2840_0, 0;
    %jmp T_4.12;
T_4.8 ;
    %pushi/vec4 114, 0, 8; draw_string_vec4
    %assign/vec4 v0000029e1c5e2020_0, 0;
    %pushi/vec4 9, 0, 4;
    %assign/vec4 v0000029e1c5e2480_0, 0;
    %pushi/vec4 1, 0, 1;
    %assign/vec4 v0000029e1c5e2840_0, 0;
    %jmp T_4.12;
T_4.9 ;
    %pushi/vec4 108, 0, 8; draw_string_vec4
    %assign/vec4 v0000029e1c5e2020_0, 0;
    %pushi/vec4 10, 0, 4;
    %assign/vec4 v0000029e1c5e2480_0, 0;
    %pushi/vec4 1, 0, 1;
    %assign/vec4 v0000029e1c5e2840_0, 0;
    %jmp T_4.12;
T_4.10 ;
    %pushi/vec4 100, 0, 8; draw_string_vec4
    %assign/vec4 v0000029e1c5e2020_0, 0;
    %pushi/vec4 0, 0, 4;
    %assign/vec4 v0000029e1c5e2480_0, 0;
    %pushi/vec4 1, 0, 1;
    %assign/vec4 v0000029e1c5e2840_0, 0;
    %jmp T_4.12;
T_4.12 ;
    %pop/vec4 1;
    %jmp T_4;
    .thread T_4;
# The file index is used to find the file name in the following table.
:file_names 5;
    "N/A";
    "<interactive>";
    "UART_tx.v";
    "./debounce.v";
    "./transmitter.v";
